Random Seed:  999
Generator(
  (main): Sequential(
    (0): ConvTranspose2d(100, 2048, kernel_size=(4, 4), stride=(1, 1), bias=False)
    (1): BatchNorm2d(2048, eps=1e-05, momentum=0.1, affine=True, track_running_stats=True)
    (2): ReLU(inplace=True)
    (3): ConvTranspose2d(2048, 1024, kernel_size=(4, 4), stride=(2, 2), padding=(1, 1), bias=False)
    (4): BatchNorm2d(1024, eps=1e-05, momentum=0.1, affine=True, track_running_stats=True)
    (5): ReLU(inplace=True)
    (6): ConvTranspose2d(1024, 512, kernel_size=(4, 4), stride=(2, 2), padding=(1, 1), bias=False)
    (7): BatchNorm2d(512, eps=1e-05, momentum=0.1, affine=True, track_running_stats=True)
    (8): ReLU(inplace=True)
    (9): ConvTranspose2d(512, 256, kernel_size=(4, 4), stride=(2, 2), padding=(1, 1), bias=False)
    (10): BatchNorm2d(256, eps=1e-05, momentum=0.1, affine=True, track_running_stats=True)
    (11): ReLU(inplace=True)
    (12): ConvTranspose2d(256, 128, kernel_size=(4, 4), stride=(2, 2), padding=(1, 1), bias=False)
    (13): BatchNorm2d(128, eps=1e-05, momentum=0.1, affine=True, track_running_stats=True)
    (14): ReLU(inplace=True)
    (15): ConvTranspose2d(128, 64, kernel_size=(4, 4), stride=(2, 2), padding=(1, 1), bias=False)
    (16): BatchNorm2d(64, eps=1e-05, momentum=0.1, affine=True, track_running_stats=True)
    (17): ReLU(inplace=True)
    (18): ConvTranspose2d(64, 3, kernel_size=(4, 4), stride=(2, 2), padding=(1, 1), bias=False)
    (19): Tanh()
  )
)
Discriminator(
  (conv1): Conv2d(3, 32, kernel_size=(4, 4), stride=(2, 2), padding=(1, 1), bias=False)
  (conv2): Conv2d(32, 64, kernel_size=(4, 4), stride=(2, 2), padding=(1, 1), bias=False)
  (bn2): BatchNorm2d(64, eps=1e-05, momentum=0.1, affine=True, track_running_stats=True)
  (conv3): Conv2d(64, 128, kernel_size=(4, 4), stride=(2, 2), padding=(1, 1), bias=False)
  (bn3): BatchNorm2d(128, eps=1e-05, momentum=0.1, affine=True, track_running_stats=True)
  (conv4): Conv2d(128, 256, kernel_size=(4, 4), stride=(2, 2), padding=(1, 1), bias=False)
  (bn4): BatchNorm2d(256, eps=1e-05, momentum=0.1, affine=True, track_running_stats=True)
  (conv5): Conv2d(256, 512, kernel_size=(4, 4), stride=(2, 2), padding=(1, 1), bias=False)
  (bn5): BatchNorm2d(512, eps=1e-05, momentum=0.1, affine=True, track_running_stats=True)
  (conv6): Conv2d(512, 512, kernel_size=(4, 4), stride=(2, 2), padding=(1, 1), bias=False)
  (bn6): BatchNorm2d(512, eps=1e-05, momentum=0.1, affine=True, track_running_stats=True)
  (real): Linear(in_features=8192, out_features=1, bias=True)
  (multi1): Linear(in_features=8192, out_features=1024, bias=True)
  (multi2): Linear(in_features=1024, out_features=512, bias=True)
  (multi3): Linear(in_features=512, out_features=120, bias=True)
)
Training on CPU.
Starting Training Loop...
0 / 644
DRR Loss: 0.7836346 DFR Loss: 0.6372284 D Loss: 1.420863
GFR Loss: 0.7925763 G Loss: 0.7925763
D Loss: 1.420863 G Loss: 0.7925763
Epoch [    1/  100] | d_loss: 1.4209 | g_loss: 0.7926
1 / 644
DRR Loss: 0.7203046 DFR Loss: 0.64316714 D Loss: 1.3634717
GFR Loss: 0.78550136 G Loss: 0.78550136
D Loss: 1.3634717 G Loss: 0.78550136
2 / 644
DRR Loss: 0.6944074 DFR Loss: 0.6826666 D Loss: 1.377074
GFR Loss: 0.72406036 G Loss: 0.72406036
D Loss: 1.377074 G Loss: 0.72406036
3 / 644
DRR Loss: 0.63036036 DFR Loss: 0.7068669 D Loss: 1.3372273
GFR Loss: 0.7188366 G Loss: 0.7188366
D Loss: 1.3372273 G Loss: 0.7188366
4 / 644
DRR Loss: 0.5726855 DFR Loss: 0.80960566 D Loss: 1.3822911
GFR Loss: 0.6173972 G Loss: 0.6173972
D Loss: 1.3822911 G Loss: 0.6173972
5 / 644
DRR Loss: 0.45934638 DFR Loss: 0.8806779 D Loss: 1.3400242
GFR Loss: 0.5584286 G Loss: 0.5584286
D Loss: 1.3400242 G Loss: 0.5584286
6 / 644
DRR Loss: 0.37885556 DFR Loss: 0.9757373 D Loss: 1.3545928
GFR Loss: 0.5023453 G Loss: 0.5023453
D Loss: 1.3545928 G Loss: 0.5023453
7 / 644
DRR Loss: 0.33514923 DFR Loss: 1.2061965 D Loss: 1.5413458
GFR Loss: 0.3714125 G Loss: 0.3714125
D Loss: 1.5413458 G Loss: 0.3714125
8 / 644
DRR Loss: 0.2506047 DFR Loss: 1.3336765 D Loss: 1.5842812
GFR Loss: 0.32448462 G Loss: 0.32448462
D Loss: 1.5842812 G Loss: 0.32448462
9 / 644
DRR Loss: 0.21017247 DFR Loss: 1.558476 D Loss: 1.7686484
GFR Loss: 0.25144428 G Loss: 0.25144428
D Loss: 1.7686484 G Loss: 0.25144428
10 / 644
DRR Loss: 0.19988845 DFR Loss: 1.5886716 D Loss: 1.78856
GFR Loss: 0.23930869 G Loss: 0.23930869
D Loss: 1.78856 G Loss: 0.23930869
11 / 644
DRR Loss: 0.16587067 DFR Loss: 1.6575643 D Loss: 1.823435
GFR Loss: 0.22220285 G Loss: 0.22220285
D Loss: 1.823435 G Loss: 0.22220285
12 / 644
DRR Loss: 0.14698716 DFR Loss: 1.6706142 D Loss: 1.8176014
GFR Loss: 0.21784528 G Loss: 0.21784528
D Loss: 1.8176014 G Loss: 0.21784528
13 / 644
DRR Loss: 0.13336053 DFR Loss: 1.5333301 D Loss: 1.6666906
GFR Loss: 0.25156105 G Loss: 0.25156105
D Loss: 1.6666906 G Loss: 0.25156105
14 / 644
DRR Loss: 0.118102826 DFR Loss: 1.5431677 D Loss: 1.6612705
GFR Loss: 0.25122443 G Loss: 0.25122443
D Loss: 1.6612705 G Loss: 0.25122443
15 / 644
DRR Loss: 0.13792473 DFR Loss: 1.3455503 D Loss: 1.483475
GFR Loss: 0.31779495 G Loss: 0.31779495
D Loss: 1.483475 G Loss: 0.31779495
16 / 644
DRR Loss: 0.16753538 DFR Loss: 1.18248 D Loss: 1.3500154
GFR Loss: 0.38463748 G Loss: 0.38463748
D Loss: 1.3500154 G Loss: 0.38463748
17 / 644
DRR Loss: 0.15080549 DFR Loss: 1.0063342 D Loss: 1.1571397
GFR Loss: 0.47240573 G Loss: 0.47240573
D Loss: 1.1571397 G Loss: 0.47240573
18 / 644
DRR Loss: 0.19307606 DFR Loss: 0.7840777 D Loss: 0.9771538
GFR Loss: 0.62828726 G Loss: 0.62828726
D Loss: 0.9771538 G Loss: 0.62828726
19 / 644
DRR Loss: 0.1972636 DFR Loss: 0.6341111 D Loss: 0.8313747
GFR Loss: 0.7760481 G Loss: 0.7760481
D Loss: 0.8313747 G Loss: 0.7760481
20 / 644
DRR Loss: 0.26616117 DFR Loss: 0.47143245 D Loss: 0.73759365
GFR Loss: 1.0307399 G Loss: 1.0307399
D Loss: 0.73759365 G Loss: 1.0307399
21 / 644
DRR Loss: 0.24790618 DFR Loss: 0.44336364 D Loss: 0.6912698
GFR Loss: 1.0688202 G Loss: 1.0688202
D Loss: 0.6912698 G Loss: 1.0688202
22 / 644
DRR Loss: 0.26160416 DFR Loss: 0.35838974 D Loss: 0.6199939
GFR Loss: 1.2430007 G Loss: 1.2430007
D Loss: 0.6199939 G Loss: 1.2430007
23 / 644
DRR Loss: 0.23597407 DFR Loss: 0.32456368 D Loss: 0.56053776
GFR Loss: 1.314671 G Loss: 1.314671
D Loss: 0.56053776 G Loss: 1.314671
24 / 644
DRR Loss: 0.22710247 DFR Loss: 0.31595704 D Loss: 0.5430595
GFR Loss: 1.3528016 G Loss: 1.3528016
D Loss: 0.5430595 G Loss: 1.3528016
25 / 644
DRR Loss: 0.21522689 DFR Loss: 0.32333636 D Loss: 0.53856325
GFR Loss: 1.3389946 G Loss: 1.3389946
D Loss: 0.53856325 G Loss: 1.3389946
26 / 644
DRR Loss: 0.15230659 DFR Loss: 0.33974567 D Loss: 0.49205226
GFR Loss: 1.2834948 G Loss: 1.2834948
D Loss: 0.49205226 G Loss: 1.2834948
27 / 644
DRR Loss: 0.11265589 DFR Loss: 0.4265321 D Loss: 0.53918797
GFR Loss: 1.0959382 G Loss: 1.0959382
D Loss: 0.53918797 G Loss: 1.0959382
28 / 644
DRR Loss: 0.0887648 DFR Loss: 0.5121961 D Loss: 0.6009609
GFR Loss: 0.9462952 G Loss: 0.9462952
D Loss: 0.6009609 G Loss: 0.9462952
29 / 644
DRR Loss: 0.058066584 DFR Loss: 0.7472478 D Loss: 0.8053144
GFR Loss: 0.6684009 G Loss: 0.6684009
D Loss: 0.8053144 G Loss: 0.6684009
30 / 644
DRR Loss: 0.040837668 DFR Loss: 0.85035694 D Loss: 0.8911946
GFR Loss: 0.5836273 G Loss: 0.5836273
D Loss: 0.8911946 G Loss: 0.5836273
31 / 644
DRR Loss: 0.034882665 DFR Loss: 1.0136508 D Loss: 1.0485334
GFR Loss: 0.4697991 G Loss: 0.4697991
D Loss: 1.0485334 G Loss: 0.4697991
32 / 644
DRR Loss: 0.019736974 DFR Loss: 1.2747368 D Loss: 1.2944738
GFR Loss: 0.34618974 G Loss: 0.34618974
D Loss: 1.2944738 G Loss: 0.34618974
33 / 644
DRR Loss: 0.016945291 DFR Loss: 1.353556 D Loss: 1.3705013
GFR Loss: 0.30732083 G Loss: 0.30732083
D Loss: 1.3705013 G Loss: 0.30732083
34 / 644
DRR Loss: 0.011211325 DFR Loss: 1.6034186 D Loss: 1.6146299
GFR Loss: 0.23835276 G Loss: 0.23835276
D Loss: 1.6146299 G Loss: 0.23835276
35 / 644
DRR Loss: 0.009353658 DFR Loss: 1.7592119 D Loss: 1.7685655
GFR Loss: 0.19953863 G Loss: 0.19953863
D Loss: 1.7685655 G Loss: 0.19953863
36 / 644
DRR Loss: 0.006508253 DFR Loss: 1.667551 D Loss: 1.6740593
GFR Loss: 0.22188671 G Loss: 0.22188671
D Loss: 1.6740593 G Loss: 0.22188671
37 / 644
DRR Loss: 0.0077560316 DFR Loss: 1.547879 D Loss: 1.555635
GFR Loss: 0.25109187 G Loss: 0.25109187
D Loss: 1.555635 G Loss: 0.25109187
38 / 644
DRR Loss: 0.0053556096 DFR Loss: 1.5567673 D Loss: 1.562123
GFR Loss: 0.24622133 G Loss: 0.24622133
D Loss: 1.562123 G Loss: 0.24622133
39 / 644
DRR Loss: 0.005555765 DFR Loss: 1.3651055 D Loss: 1.3706613
GFR Loss: 0.30997166 G Loss: 0.30997166
D Loss: 1.3706613 G Loss: 0.30997166
40 / 644
DRR Loss: 0.0062122494 DFR Loss: 1.0669601 D Loss: 1.0731723
GFR Loss: 0.44718838 G Loss: 0.44718838
D Loss: 1.0731723 G Loss: 0.44718838
41 / 644
DRR Loss: 0.0069141374 DFR Loss: 0.91195023 D Loss: 0.91886437
GFR Loss: 0.5519464 G Loss: 0.5519464
D Loss: 0.91886437 G Loss: 0.5519464
42 / 644
DRR Loss: 0.0077728117 DFR Loss: 0.67210954 D Loss: 0.67988235
GFR Loss: 0.740668 G Loss: 0.740668
D Loss: 0.67988235 G Loss: 0.740668
43 / 644
DRR Loss: 0.0075849392 DFR Loss: 0.510376 D Loss: 0.5179609
GFR Loss: 0.9560139 G Loss: 0.9560139
D Loss: 0.5179609 G Loss: 0.9560139
44 / 644
DRR Loss: 0.009465646 DFR Loss: 0.36426476 D Loss: 0.3737304
GFR Loss: 1.2329141 G Loss: 1.2329141
D Loss: 0.3737304 G Loss: 1.2329141
45 / 644
DRR Loss: 0.008410309 DFR Loss: 0.2626644 D Loss: 0.2710747
GFR Loss: 1.5411538 G Loss: 1.5411538
D Loss: 0.2710747 G Loss: 1.5411538
46 / 644
DRR Loss: 0.011664123 DFR Loss: 0.20572755 D Loss: 0.21739167
GFR Loss: 1.7253326 G Loss: 1.7253326
D Loss: 0.21739167 G Loss: 1.7253326
47 / 644
DRR Loss: 0.010761778 DFR Loss: 0.1944669 D Loss: 0.20522869
GFR Loss: 1.7990949 G Loss: 1.7990949
D Loss: 0.20522869 G Loss: 1.7990949
48 / 644
DRR Loss: 0.0070760697 DFR Loss: 0.19625679 D Loss: 0.20333286
GFR Loss: 1.79654 G Loss: 1.79654
D Loss: 0.20333286 G Loss: 1.79654
49 / 644
DRR Loss: 0.009520164 DFR Loss: 0.19881074 D Loss: 0.2083309
GFR Loss: 1.8013953 G Loss: 1.8013953
D Loss: 0.2083309 G Loss: 1.8013953
50 / 644
DRR Loss: 0.007858998 DFR Loss: 0.24458495 D Loss: 0.25244394
GFR Loss: 1.614371 G Loss: 1.614371
D Loss: 0.25244394 G Loss: 1.614371
Epoch [    1/  100] | d_loss: 0.2524 | g_loss: 1.6144
51 / 644
DRR Loss: 0.0047913627 DFR Loss: 0.29186586 D Loss: 0.2966572
GFR Loss: 1.4365425 G Loss: 1.4365425
D Loss: 0.2966572 G Loss: 1.4365425
52 / 644
DRR Loss: 0.0030971232 DFR Loss: 0.33364406 D Loss: 0.33674118
GFR Loss: 1.3191233 G Loss: 1.3191233
D Loss: 0.33674118 G Loss: 1.3191233
53 / 644
DRR Loss: 0.0024426556 DFR Loss: 0.5832758 D Loss: 0.58571845
GFR Loss: 0.86108196 G Loss: 0.86108196
D Loss: 0.58571845 G Loss: 0.86108196
54 / 644
DRR Loss: 0.0011953877 DFR Loss: 0.8833116 D Loss: 0.884507
GFR Loss: 0.5626799 G Loss: 0.5626799
D Loss: 0.884507 G Loss: 0.5626799
55 / 644
DRR Loss: 0.000919776 DFR Loss: 1.1104472 D Loss: 1.111367
GFR Loss: 0.42572373 G Loss: 0.42572373
D Loss: 1.111367 G Loss: 0.42572373
56 / 644
DRR Loss: 0.0006183068 DFR Loss: 1.3976111 D Loss: 1.3982295
GFR Loss: 0.31006828 G Loss: 0.31006828
D Loss: 1.3982295 G Loss: 0.31006828
57 / 644
DRR Loss: 0.0003521628 DFR Loss: 1.8182286 D Loss: 1.8185807
GFR Loss: 0.19093591 G Loss: 0.19093591
D Loss: 1.8185807 G Loss: 0.19093591
58 / 644
DRR Loss: 0.00033811457 DFR Loss: 2.0317535 D Loss: 2.0320916
GFR Loss: 0.14753109 G Loss: 0.14753109
D Loss: 2.0320916 G Loss: 0.14753109
59 / 644
DRR Loss: 0.00029479474 DFR Loss: 2.003189 D Loss: 2.0034838
GFR Loss: 0.16297878 G Loss: 0.16297878
D Loss: 2.0034838 G Loss: 0.16297878
60 / 644
DRR Loss: 0.0003240409 DFR Loss: 2.1543026 D Loss: 2.1546266
GFR Loss: 0.1296381 G Loss: 0.1296381
D Loss: 2.1546266 G Loss: 0.1296381
61 / 644
DRR Loss: 0.00026116072 DFR Loss: 1.9671044 D Loss: 1.9673656
GFR Loss: 0.16513371 G Loss: 0.16513371
D Loss: 1.9673656 G Loss: 0.16513371
62 / 644
DRR Loss: 0.00019244486 DFR Loss: 1.891611 D Loss: 1.8918034
GFR Loss: 0.18230224 G Loss: 0.18230224
D Loss: 1.8918034 G Loss: 0.18230224
63 / 644
DRR Loss: 0.00019643134 DFR Loss: 1.5583249 D Loss: 1.5585214
GFR Loss: 0.2550231 G Loss: 0.2550231
D Loss: 1.5585214 G Loss: 0.2550231
64 / 644
DRR Loss: 0.00023524814 DFR Loss: 1.1579798 D Loss: 1.158215
GFR Loss: 0.4028192 G Loss: 0.4028192
D Loss: 1.158215 G Loss: 0.4028192
65 / 644
DRR Loss: 0.0003560559 DFR Loss: 0.8508286 D Loss: 0.85118467
GFR Loss: 0.5863025 G Loss: 0.5863025
D Loss: 0.85118467 G Loss: 0.5863025
66 / 644
DRR Loss: 0.00042988584 DFR Loss: 0.5466807 D Loss: 0.54711056
GFR Loss: 0.94507843 G Loss: 0.94507843
D Loss: 0.54711056 G Loss: 0.94507843
67 / 644
DRR Loss: 0.0004585674 DFR Loss: 0.33891058 D Loss: 0.33936915
GFR Loss: 1.3008848 G Loss: 1.3008848
D Loss: 0.33936915 G Loss: 1.3008848
68 / 644
DRR Loss: 0.00052784063 DFR Loss: 0.22780311 D Loss: 0.22833095
GFR Loss: 1.6704867 G Loss: 1.6704867
D Loss: 0.22833095 G Loss: 1.6704867
69 / 644
DRR Loss: 0.0006443477 DFR Loss: 0.1370169 D Loss: 0.13766125
GFR Loss: 2.1121166 G Loss: 2.1121166
D Loss: 0.13766125 G Loss: 2.1121166
70 / 644
DRR Loss: 0.0005583168 DFR Loss: 0.1275716 D Loss: 0.12812991
GFR Loss: 2.2378304 G Loss: 2.2378304
D Loss: 0.12812991 G Loss: 2.2378304
71 / 644
DRR Loss: 0.00059003505 DFR Loss: 0.121973485 D Loss: 0.12256352
GFR Loss: 2.2748477 G Loss: 2.2748477
D Loss: 0.12256352 G Loss: 2.2748477
72 / 644
DRR Loss: 0.0006631674 DFR Loss: 0.13305368 D Loss: 0.13371684
GFR Loss: 2.197739 G Loss: 2.197739
D Loss: 0.13371684 G Loss: 2.197739
73 / 644
DRR Loss: 0.00044121957 DFR Loss: 0.12936583 D Loss: 0.12980705
GFR Loss: 2.1985123 G Loss: 2.1985123
D Loss: 0.12980705 G Loss: 2.1985123
74 / 644
DRR Loss: 0.00036170447 DFR Loss: 0.2216055 D Loss: 0.2219672
GFR Loss: 1.7515692 G Loss: 1.7515692
D Loss: 0.2219672 G Loss: 1.7515692
75 / 644
DRR Loss: 0.00019686915 DFR Loss: 0.31687102 D Loss: 0.3170679
GFR Loss: 1.4145802 G Loss: 1.4145802
D Loss: 0.3170679 G Loss: 1.4145802
76 / 644
DRR Loss: 0.00013323259 DFR Loss: 0.50575584 D Loss: 0.50588906
GFR Loss: 1.0033516 G Loss: 1.0033516
D Loss: 0.50588906 G Loss: 1.0033516
77 / 644
DRR Loss: 0.00011415695 DFR Loss: 0.77844876 D Loss: 0.7785629
GFR Loss: 0.66989625 G Loss: 0.66989625
D Loss: 0.7785629 G Loss: 0.66989625
78 / 644
DRR Loss: 5.3793825e-05 DFR Loss: 1.2620226 D Loss: 1.2620764
GFR Loss: 0.43143532 G Loss: 0.43143532
D Loss: 1.2620764 G Loss: 0.43143532
79 / 644
DRR Loss: 6.425112e-05 DFR Loss: 1.8160781 D Loss: 1.8161423
GFR Loss: 0.20171691 G Loss: 0.20171691
D Loss: 1.8161423 G Loss: 0.20171691
80 / 644
DRR Loss: 2.49788e-05 DFR Loss: 2.116685 D Loss: 2.11671
GFR Loss: 0.14700736 G Loss: 0.14700736
D Loss: 2.11671 G Loss: 0.14700736
81 / 644
DRR Loss: 4.1918516e-05 DFR Loss: 2.424786 D Loss: 2.424828
GFR Loss: 0.10900396 G Loss: 0.10900396
D Loss: 2.424828 G Loss: 0.10900396
82 / 644
DRR Loss: 1.9353436e-05 DFR Loss: 2.579923 D Loss: 2.5799422
GFR Loss: 0.094033875 G Loss: 0.094033875
D Loss: 2.5799422 G Loss: 0.094033875
83 / 644
DRR Loss: 1.47226765e-05 DFR Loss: 2.7244747 D Loss: 2.7244895
GFR Loss: 0.0825932 G Loss: 0.0825932
D Loss: 2.7244895 G Loss: 0.0825932
84 / 644
DRR Loss: 1.6868522e-05 DFR Loss: 2.3695505 D Loss: 2.3695674
GFR Loss: 0.1147958 G Loss: 0.1147958
D Loss: 2.3695674 G Loss: 0.1147958
85 / 644
DRR Loss: 1.6276173e-05 DFR Loss: 2.3317764 D Loss: 2.3317926
GFR Loss: 0.12331998 G Loss: 0.12331998
D Loss: 2.3317926 G Loss: 0.12331998
86 / 644
DRR Loss: 1.8381103e-05 DFR Loss: 1.8632673 D Loss: 1.8632857
GFR Loss: 0.1896765 G Loss: 0.1896765
D Loss: 1.8632857 G Loss: 0.1896765
87 / 644
DRR Loss: 1.9599336e-05 DFR Loss: 1.2369983 D Loss: 1.2370179
GFR Loss: 0.3855861 G Loss: 0.3855861
D Loss: 1.2370179 G Loss: 0.3855861
88 / 644
DRR Loss: 4.2460197e-05 DFR Loss: 0.9223177 D Loss: 0.9223601
GFR Loss: 0.59748334 G Loss: 0.59748334
D Loss: 0.9223601 G Loss: 0.59748334
89 / 644
DRR Loss: 4.387858e-05 DFR Loss: 0.5093305 D Loss: 0.5093744
GFR Loss: 0.9867464 G Loss: 0.9867464
D Loss: 0.5093744 G Loss: 0.9867464
90 / 644
DRR Loss: 3.752495e-05 DFR Loss: 0.34889206 D Loss: 0.34892958
GFR Loss: 1.333903 G Loss: 1.333903
D Loss: 0.34892958 G Loss: 1.333903
91 / 644
DRR Loss: 5.777895e-05 DFR Loss: 0.1775372 D Loss: 0.17759497
GFR Loss: 1.909607 G Loss: 1.909607
D Loss: 0.17759497 G Loss: 1.909607
92 / 644
DRR Loss: 3.8124526e-05 DFR Loss: 0.123435214 D Loss: 0.12347334
GFR Loss: 2.3502154 G Loss: 2.3502154
D Loss: 0.12347334 G Loss: 2.3502154
93 / 644
DRR Loss: 7.9749116e-05 DFR Loss: 0.090462334 D Loss: 0.090542085
GFR Loss: 2.6218817 G Loss: 2.6218817
D Loss: 0.090542085 G Loss: 2.6218817
94 / 644
DRR Loss: 0.00012994523 DFR Loss: 0.058541305 D Loss: 0.05867125
GFR Loss: 3.0275924 G Loss: 3.0275924
D Loss: 0.05867125 G Loss: 3.0275924
95 / 644
DRR Loss: 5.5899407e-05 DFR Loss: 0.07128917 D Loss: 0.07134507
GFR Loss: 2.9101841 G Loss: 2.9101841
D Loss: 0.07134507 G Loss: 2.9101841
96 / 644
DRR Loss: 7.894552e-05 DFR Loss: 0.094496764 D Loss: 0.09457571
GFR Loss: 2.607192 G Loss: 2.607192
D Loss: 0.09457571 G Loss: 2.607192
97 / 644
DRR Loss: 5.958892e-05 DFR Loss: 0.14240682 D Loss: 0.14246641
GFR Loss: 2.1448863 G Loss: 2.1448863
D Loss: 0.14246641 G Loss: 2.1448863
98 / 644
DRR Loss: 5.3493666e-05 DFR Loss: 0.26235682 D Loss: 0.2624103
GFR Loss: 1.6280308 G Loss: 1.6280308
D Loss: 0.2624103 G Loss: 1.6280308
99 / 644
DRR Loss: 2.108207e-05 DFR Loss: 0.3646713 D Loss: 0.36469236
GFR Loss: 1.2768657 G Loss: 1.2768657
D Loss: 0.36469236 G Loss: 1.2768657
100 / 644
DRR Loss: 1.8228291e-05 DFR Loss: 0.666709 D Loss: 0.66672724
GFR Loss: 0.80741036 G Loss: 0.80741036
D Loss: 0.66672724 G Loss: 0.80741036
Epoch [    1/  100] | d_loss: 0.6667 | g_loss: 0.8074
101 / 644
DRR Loss: 1.5494055e-05 DFR Loss: 1.1377535 D Loss: 1.137769
GFR Loss: 0.41250464 G Loss: 0.41250464
D Loss: 1.137769 G Loss: 0.41250464
102 / 644
DRR Loss: 5.316025e-06 DFR Loss: 1.9844791 D Loss: 1.9844844
GFR Loss: 0.17538115 G Loss: 0.17538115
D Loss: 1.9844844 G Loss: 0.17538115
103 / 644
DRR Loss: 4.585867e-06 DFR Loss: 2.4523423 D Loss: 2.4523468
GFR Loss: 0.104456216 G Loss: 0.104456216
D Loss: 2.4523468 G Loss: 0.104456216
104 / 644
DRR Loss: 6.2883773e-06 DFR Loss: 2.8716488 D Loss: 2.871655
GFR Loss: 0.07460976 G Loss: 0.07460976
D Loss: 2.871655 G Loss: 0.07460976
105 / 644
DRR Loss: 2.4810531e-06 DFR Loss: 3.0750353 D Loss: 3.0750377
GFR Loss: 0.062662795 G Loss: 0.062662795
D Loss: 3.0750377 G Loss: 0.062662795
106 / 644
DRR Loss: 3.0324074e-06 DFR Loss: 3.1426213 D Loss: 3.1426244
GFR Loss: 0.05732386 G Loss: 0.05732386
D Loss: 3.1426244 G Loss: 0.05732386
107 / 644
DRR Loss: 3.9898155e-06 DFR Loss: 3.3714342 D Loss: 3.3714383
GFR Loss: 0.042859904 G Loss: 0.042859904
D Loss: 3.3714383 G Loss: 0.042859904
108 / 644
DRR Loss: 3.319256e-06 DFR Loss: 3.0836265 D Loss: 3.0836298
GFR Loss: 0.05770354 G Loss: 0.05770354
D Loss: 3.0836298 G Loss: 0.05770354
109 / 644
DRR Loss: 1.9222555e-06 DFR Loss: 2.5224903 D Loss: 2.5224922
GFR Loss: 0.094736606 G Loss: 0.094736606
D Loss: 2.5224922 G Loss: 0.094736606
110 / 644
DRR Loss: 4.05687e-06 DFR Loss: 1.9590509 D Loss: 1.959055
GFR Loss: 0.18735754 G Loss: 0.18735754
D Loss: 1.959055 G Loss: 0.18735754
111 / 644
DRR Loss: 4.734885e-06 DFR Loss: 1.3587167 D Loss: 1.3587215
GFR Loss: 0.36615232 G Loss: 0.36615232
D Loss: 1.3587215 G Loss: 0.36615232
112 / 644
DRR Loss: 3.5278765e-06 DFR Loss: 0.7443229 D Loss: 0.7443264
GFR Loss: 0.729914 G Loss: 0.729914
D Loss: 0.7443264 G Loss: 0.729914
113 / 644
DRR Loss: 9.525794e-06 DFR Loss: 0.40116283 D Loss: 0.40117237
GFR Loss: 1.2150774 G Loss: 1.2150774
D Loss: 0.40117237 G Loss: 1.2150774
114 / 644
DRR Loss: 1.344868e-05 DFR Loss: 0.22063676 D Loss: 0.22065021
GFR Loss: 1.8267889 G Loss: 1.8267889
D Loss: 0.22065021 G Loss: 1.8267889
115 / 644
DRR Loss: 1.1086684e-05 DFR Loss: 0.08556833 D Loss: 0.08557942
GFR Loss: 2.7098258 G Loss: 2.7098258
D Loss: 0.08557942 G Loss: 2.7098258
116 / 644
DRR Loss: 1.3968577e-05 DFR Loss: 0.07308284 D Loss: 0.07309681
GFR Loss: 2.8386805 G Loss: 2.8386805
D Loss: 0.07309681 G Loss: 2.8386805
117 / 644
DRR Loss: 5.1139872e-05 DFR Loss: 0.050259672 D Loss: 0.050310813
GFR Loss: 3.313867 G Loss: 3.313867
D Loss: 0.050310813 G Loss: 3.313867
118 / 644
DRR Loss: 4.280155e-05 DFR Loss: 0.046798423 D Loss: 0.046841223
GFR Loss: 3.2982583 G Loss: 3.2982583
D Loss: 0.046841223 G Loss: 3.2982583
119 / 644
DRR Loss: 6.0310053e-05 DFR Loss: 0.069939494 D Loss: 0.06999981
GFR Loss: 2.9627461 G Loss: 2.9627461
D Loss: 0.06999981 G Loss: 2.9627461
120 / 644
DRR Loss: 1.4156503e-05 DFR Loss: 0.06410972 D Loss: 0.06412388
GFR Loss: 2.9286034 G Loss: 2.9286034
D Loss: 0.06412388 G Loss: 2.9286034
121 / 644
DRR Loss: 2.0995405e-05 DFR Loss: 0.10290603 D Loss: 0.10292703
GFR Loss: 2.581403 G Loss: 2.581403
D Loss: 0.10292703 G Loss: 2.581403
122 / 644
DRR Loss: 1.4309228e-05 DFR Loss: 0.17209563 D Loss: 0.17210993
GFR Loss: 2.041517 G Loss: 2.041517
D Loss: 0.17210993 G Loss: 2.041517
123 / 644
DRR Loss: 5.222896e-06 DFR Loss: 0.35359734 D Loss: 0.35360256
GFR Loss: 1.4257349 G Loss: 1.4257349
D Loss: 0.35360256 G Loss: 1.4257349
124 / 644
DRR Loss: 2.8349605e-06 DFR Loss: 0.6447904 D Loss: 0.6447933
GFR Loss: 0.86669785 G Loss: 0.86669785
D Loss: 0.6447933 G Loss: 0.86669785
125 / 644
DRR Loss: 4.429435e-06 DFR Loss: 1.2709695 D Loss: 1.2709739
GFR Loss: 0.43957502 G Loss: 0.43957502
D Loss: 1.2709739 G Loss: 0.43957502
126 / 644
DRR Loss: 3.1367401e-06 DFR Loss: 1.6901941 D Loss: 1.6901972
GFR Loss: 0.2571374 G Loss: 0.2571374
D Loss: 1.6901972 G Loss: 0.2571374
127 / 644
DRR Loss: 2.5741872e-06 DFR Loss: 2.3481872 D Loss: 2.3481898
GFR Loss: 0.1173848 G Loss: 0.1173848
D Loss: 2.3481898 G Loss: 0.1173848
128 / 644
DRR Loss: 8.8662057e-07 DFR Loss: 2.8546958 D Loss: 2.8546968
GFR Loss: 0.07849097 G Loss: 0.07849097
D Loss: 2.8546968 G Loss: 0.07849097
129 / 644
DRR Loss: 1.5348242e-06 DFR Loss: 3.167801 D Loss: 3.1678023
GFR Loss: 0.06076746 G Loss: 0.06076746
D Loss: 3.1678023 G Loss: 0.06076746
130 / 644
DRR Loss: 1.8216741e-06 DFR Loss: 3.4716513 D Loss: 3.4716532
GFR Loss: 0.0394088 G Loss: 0.0394088
D Loss: 3.4716532 G Loss: 0.0394088
131 / 644
DRR Loss: 8.4936755e-07 DFR Loss: 3.4340336 D Loss: 3.4340346
GFR Loss: 0.039746597 G Loss: 0.039746597
D Loss: 3.4340346 G Loss: 0.039746597
132 / 644
DRR Loss: 6.8917933e-07 DFR Loss: 3.2767153 D Loss: 3.276716
GFR Loss: 0.05127071 G Loss: 0.05127071
D Loss: 3.276716 G Loss: 0.05127071
133 / 644
DRR Loss: 9.909288e-07 DFR Loss: 3.1268885 D Loss: 3.1268895
GFR Loss: 0.056429747 G Loss: 0.056429747
D Loss: 3.1268895 G Loss: 0.056429747
134 / 644
DRR Loss: 1.0915146e-06 DFR Loss: 2.4605777 D Loss: 2.460579
GFR Loss: 0.109661184 G Loss: 0.109661184
D Loss: 2.460579 G Loss: 0.109661184
135 / 644
DRR Loss: 1.892453e-06 DFR Loss: 1.9863055 D Loss: 1.9863074
GFR Loss: 0.18295448 G Loss: 0.18295448
D Loss: 1.9863074 G Loss: 0.18295448
136 / 644
DRR Loss: 2.9690812e-06 DFR Loss: 1.2498982 D Loss: 1.2499012
GFR Loss: 0.40506634 G Loss: 0.40506634
D Loss: 1.2499012 G Loss: 0.40506634
137 / 644
DRR Loss: 3.5502374e-06 DFR Loss: 0.79197264 D Loss: 0.7919762
GFR Loss: 0.7360314 G Loss: 0.7360314
D Loss: 0.7919762 G Loss: 0.7360314
138 / 644
DRR Loss: 5.6364397e-06 DFR Loss: 0.43877298 D Loss: 0.4387786
GFR Loss: 1.2291414 G Loss: 1.2291414
D Loss: 0.4387786 G Loss: 1.2291414
139 / 644
DRR Loss: 1.05653e-05 DFR Loss: 0.16986543 D Loss: 0.169876
GFR Loss: 2.0880313 G Loss: 2.0880313
D Loss: 0.169876 G Loss: 2.0880313
140 / 644
DRR Loss: 1.9665344e-05 DFR Loss: 0.088685915 D Loss: 0.08870558
GFR Loss: 2.634926 G Loss: 2.634926
D Loss: 0.08870558 G Loss: 2.634926
141 / 644
DRR Loss: 6.7279534e-06 DFR Loss: 0.059750486 D Loss: 0.059757214
GFR Loss: 3.062159 G Loss: 3.062159
D Loss: 0.059757214 G Loss: 3.062159
142 / 644
DRR Loss: 2.5885916e-05 DFR Loss: 0.057812404 D Loss: 0.05783829
GFR Loss: 3.3671746 G Loss: 3.3671746
D Loss: 0.05783829 G Loss: 3.3671746
143 / 644
DRR Loss: 1.9878675e-05 DFR Loss: 0.03837582 D Loss: 0.0383957
GFR Loss: 3.7282922 G Loss: 3.7282922
D Loss: 0.0383957 G Loss: 3.7282922
144 / 644
DRR Loss: 4.067106e-05 DFR Loss: 0.0392094 D Loss: 0.039250072
GFR Loss: 3.6277163 G Loss: 3.6277163
D Loss: 0.039250072 G Loss: 3.6277163
145 / 644
DRR Loss: 1.8027245e-05 DFR Loss: 0.04199214 D Loss: 0.042010166
GFR Loss: 3.4870768 G Loss: 3.4870768
D Loss: 0.042010166 G Loss: 3.4870768
146 / 644
DRR Loss: 2.1033686e-05 DFR Loss: 0.071932845 D Loss: 0.07195388
GFR Loss: 3.075263 G Loss: 3.075263
D Loss: 0.07195388 G Loss: 3.075263
147 / 644
DRR Loss: 1.04720875e-05 DFR Loss: 0.092129104 D Loss: 0.09213958
GFR Loss: 2.6738844 G Loss: 2.6738844
D Loss: 0.09213958 G Loss: 2.6738844
148 / 644
DRR Loss: 6.3144385e-06 DFR Loss: 0.21824048 D Loss: 0.2182468
GFR Loss: 1.8878953 G Loss: 1.8878953
D Loss: 0.2182468 G Loss: 1.8878953
149 / 644
DRR Loss: 1.27802095e-05 DFR Loss: 0.47303176 D Loss: 0.47304454
GFR Loss: 1.1175771 G Loss: 1.1175771
D Loss: 0.47304454 G Loss: 1.1175771
150 / 644
DRR Loss: 8.486432e-06 DFR Loss: 0.87781745 D Loss: 0.8778259
GFR Loss: 0.7119487 G Loss: 0.7119487
D Loss: 0.8778259 G Loss: 0.7119487
Epoch [    1/  100] | d_loss: 0.8778 | g_loss: 0.7119
151 / 644
DRR Loss: 3.7849268e-06 DFR Loss: 1.6747732 D Loss: 1.674777
GFR Loss: 0.29304945 G Loss: 0.29304945
D Loss: 1.674777 G Loss: 0.29304945
152 / 644
DRR Loss: 3.1367247e-06 DFR Loss: 2.224525 D Loss: 2.224528
GFR Loss: 0.15488476 G Loss: 0.15488476
D Loss: 2.224528 G Loss: 0.15488476
153 / 644
DRR Loss: 7.823124e-07 DFR Loss: 2.5361273 D Loss: 2.536128
GFR Loss: 0.11072782 G Loss: 0.11072782
D Loss: 2.536128 G Loss: 0.11072782
154 / 644
DRR Loss: 1.523648e-06 DFR Loss: 3.2425306 D Loss: 3.242532
GFR Loss: 0.05560402 G Loss: 0.05560402
D Loss: 3.242532 G Loss: 0.05560402
155 / 644
DRR Loss: 2.6003102e-06 DFR Loss: 3.5697916 D Loss: 3.5697942
GFR Loss: 0.04163281 G Loss: 0.04163281
D Loss: 3.5697942 G Loss: 0.04163281
156 / 644
DRR Loss: 5.3644237e-07 DFR Loss: 3.611837 D Loss: 3.6118374
GFR Loss: 0.03855768 G Loss: 0.03855768
D Loss: 3.6118374 G Loss: 0.03855768
157 / 644
DRR Loss: 1.0654364e-06 DFR Loss: 3.7419631 D Loss: 3.741964
GFR Loss: 0.032091804 G Loss: 0.032091804
D Loss: 3.741964 G Loss: 0.032091804
158 / 644
DRR Loss: 3.3527627e-07 DFR Loss: 3.717644 D Loss: 3.7176442
GFR Loss: 0.03351308 G Loss: 0.03351308
D Loss: 3.7176442 G Loss: 0.03351308
159 / 644
DRR Loss: 6.1467426e-07 DFR Loss: 3.3149595 D Loss: 3.3149602
GFR Loss: 0.048756205 G Loss: 0.048756205
D Loss: 3.3149602 G Loss: 0.048756205
160 / 644
DRR Loss: 1.3448332e-06 DFR Loss: 2.9087102 D Loss: 2.9087117
GFR Loss: 0.07529031 G Loss: 0.07529031
D Loss: 2.9087117 G Loss: 0.07529031
161 / 644
DRR Loss: 1.7471681e-06 DFR Loss: 2.3334644 D Loss: 2.333466
GFR Loss: 0.1506378 G Loss: 0.1506378
D Loss: 2.333466 G Loss: 0.1506378
162 / 644
DRR Loss: 2.6524197e-06 DFR Loss: 1.5737653 D Loss: 1.5737679
GFR Loss: 0.34629723 G Loss: 0.34629723
D Loss: 1.5737679 G Loss: 0.34629723
163 / 644
DRR Loss: 7.3055344e-06 DFR Loss: 0.75509375 D Loss: 0.7551011
GFR Loss: 0.82474375 G Loss: 0.82474375
D Loss: 0.7551011 G Loss: 0.82474375
164 / 644
DRR Loss: 4.7125272e-06 DFR Loss: 0.5571188 D Loss: 0.5571235
GFR Loss: 1.0085554 G Loss: 1.0085554
D Loss: 0.5571235 G Loss: 1.0085554
165 / 644
DRR Loss: 7.1228455e-06 DFR Loss: 0.3219939 D Loss: 0.322001
GFR Loss: 1.5705929 G Loss: 1.5705929
D Loss: 0.322001 G Loss: 1.5705929
166 / 644
DRR Loss: 1.8824532e-05 DFR Loss: 0.15426855 D Loss: 0.15428737
GFR Loss: 2.3037968 G Loss: 2.3037968
D Loss: 0.15428737 G Loss: 2.3037968
167 / 644
DRR Loss: 2.2120134e-05 DFR Loss: 0.07465326 D Loss: 0.07467538
GFR Loss: 2.9211745 G Loss: 2.9211745
D Loss: 0.07467538 G Loss: 2.9211745
168 / 644
DRR Loss: 4.4500608e-05 DFR Loss: 0.04297277 D Loss: 0.043017272
GFR Loss: 3.4989939 G Loss: 3.4989939
D Loss: 0.043017272 G Loss: 3.4989939
169 / 644
DRR Loss: 4.3787637e-05 DFR Loss: 0.036152218 D Loss: 0.036196005
GFR Loss: 3.7917047 G Loss: 3.7917047
D Loss: 0.036196005 G Loss: 3.7917047
170 / 644
DRR Loss: 4.0182567e-05 DFR Loss: 0.03793841 D Loss: 0.03797859
GFR Loss: 3.8237808 G Loss: 3.8237808
D Loss: 0.03797859 G Loss: 3.8237808
171 / 644
DRR Loss: 2.7636297e-05 DFR Loss: 0.032586925 D Loss: 0.032614563
GFR Loss: 3.7263565 G Loss: 3.7263565
D Loss: 0.032614563 G Loss: 3.7263565
172 / 644
DRR Loss: 5.933292e-05 DFR Loss: 0.057292387 D Loss: 0.05735172
GFR Loss: 3.3664243 G Loss: 3.3664243
D Loss: 0.05735172 G Loss: 3.3664243
173 / 644
DRR Loss: 6.439622e-05 DFR Loss: 0.059713554 D Loss: 0.05977795
GFR Loss: 3.0671523 G Loss: 3.0671523
D Loss: 0.05977795 G Loss: 3.0671523
174 / 644
DRR Loss: 4.575179e-05 DFR Loss: 0.11369467 D Loss: 0.11374042
GFR Loss: 2.482456 G Loss: 2.482456
D Loss: 0.11374042 G Loss: 2.482456
175 / 644
DRR Loss: 2.4608607e-05 DFR Loss: 0.20144352 D Loss: 0.20146812
GFR Loss: 1.9692729 G Loss: 1.9692729
D Loss: 0.20146812 G Loss: 1.9692729
176 / 644
DRR Loss: 3.644362e-05 DFR Loss: 0.43010905 D Loss: 0.4301455
GFR Loss: 1.3124957 G Loss: 1.3124957
D Loss: 0.4301455 G Loss: 1.3124957
177 / 644
DRR Loss: 6.8210943e-06 DFR Loss: 0.80273724 D Loss: 0.80274403
GFR Loss: 0.8481855 G Loss: 0.8481855
D Loss: 0.80274403 G Loss: 0.8481855
178 / 644
DRR Loss: 1.04422e-05 DFR Loss: 1.2828583 D Loss: 1.2828687
GFR Loss: 0.42508593 G Loss: 0.42508593
D Loss: 1.2828687 G Loss: 0.42508593
179 / 644
DRR Loss: 5.0440835e-06 DFR Loss: 1.9156216 D Loss: 1.9156266
GFR Loss: 0.2105405 G Loss: 0.2105405
D Loss: 1.9156266 G Loss: 0.2105405
180 / 644
DRR Loss: 3.5055252e-06 DFR Loss: 2.301523 D Loss: 2.3015265
GFR Loss: 0.16461773 G Loss: 0.16461773
D Loss: 2.3015265 G Loss: 0.16461773
181 / 644
DRR Loss: 3.5688545e-06 DFR Loss: 3.1427042 D Loss: 3.1427078
GFR Loss: 0.06401905 G Loss: 0.06401905
D Loss: 3.1427078 G Loss: 0.06401905
182 / 644
DRR Loss: 2.9057442e-06 DFR Loss: 3.501123 D Loss: 3.5011258
GFR Loss: 0.04488374 G Loss: 0.04488374
D Loss: 3.5011258 G Loss: 0.04488374
183 / 644
DRR Loss: 2.9877033e-06 DFR Loss: 3.667348 D Loss: 3.667351
GFR Loss: 0.035488494 G Loss: 0.035488494
D Loss: 3.667351 G Loss: 0.035488494
184 / 644
DRR Loss: 2.3804732e-06 DFR Loss: 3.8917034 D Loss: 3.8917058
GFR Loss: 0.03161974 G Loss: 0.03161974
D Loss: 3.8917058 G Loss: 0.03161974
185 / 644
DRR Loss: 6.82869e-06 DFR Loss: 3.630453 D Loss: 3.63046
GFR Loss: 0.039334513 G Loss: 0.039334513
D Loss: 3.63046 G Loss: 0.039334513
186 / 644
DRR Loss: 2.6337984e-06 DFR Loss: 3.7589674 D Loss: 3.75897
GFR Loss: 0.04007944 G Loss: 0.04007944
D Loss: 3.75897 G Loss: 0.04007944
187 / 644
DRR Loss: 1.9632414e-06 DFR Loss: 3.073566 D Loss: 3.0735679
GFR Loss: 0.07769223 G Loss: 0.07769223
D Loss: 3.0735679 G Loss: 0.07769223
188 / 644
DRR Loss: 3.386309e-06 DFR Loss: 2.506802 D Loss: 2.5068054
GFR Loss: 0.11675493 G Loss: 0.11675493
D Loss: 2.5068054 G Loss: 0.11675493
189 / 644
DRR Loss: 5.9679996e-06 DFR Loss: 2.287331 D Loss: 2.287337
GFR Loss: 0.13975307 G Loss: 0.13975307
D Loss: 2.287337 G Loss: 0.13975307
190 / 644
DRR Loss: 2.768412e-05 DFR Loss: 1.5781722 D Loss: 1.5781999
GFR Loss: 0.31767917 G Loss: 0.31767917
D Loss: 1.5781999 G Loss: 0.31767917
191 / 644
DRR Loss: 1.0509223e-05 DFR Loss: 1.1990392 D Loss: 1.1990497
GFR Loss: 0.4860096 G Loss: 0.4860096
D Loss: 1.1990497 G Loss: 0.4860096
192 / 644
DRR Loss: 3.6207883e-05 DFR Loss: 0.517629 D Loss: 0.5176652
GFR Loss: 1.1236113 G Loss: 1.1236113
D Loss: 0.5176652 G Loss: 1.1236113
193 / 644
DRR Loss: 2.758145e-05 DFR Loss: 0.22100167 D Loss: 0.22102925
GFR Loss: 1.8157437 G Loss: 1.8157437
D Loss: 0.22102925 G Loss: 1.8157437
194 / 644
DRR Loss: 8.341846e-05 DFR Loss: 0.17660215 D Loss: 0.17668557
GFR Loss: 2.2655454 G Loss: 2.2655454
D Loss: 0.17668557 G Loss: 2.2655454
195 / 644
DRR Loss: 0.000116412535 DFR Loss: 0.08148245 D Loss: 0.08159886
GFR Loss: 2.9809897 G Loss: 2.9809897
D Loss: 0.08159886 G Loss: 2.9809897
196 / 644
DRR Loss: 0.00013212099 DFR Loss: 0.051393602 D Loss: 0.051525723
GFR Loss: 3.6608675 G Loss: 3.6608675
D Loss: 0.051525723 G Loss: 3.6608675
197 / 644
DRR Loss: 0.0001989526 DFR Loss: 0.03759831 D Loss: 0.03779726
GFR Loss: 3.693746 G Loss: 3.693746
D Loss: 0.03779726 G Loss: 3.693746
198 / 644
DRR Loss: 0.00015538187 DFR Loss: 0.02474352 D Loss: 0.024898902
GFR Loss: 3.9991927 G Loss: 3.9991927
D Loss: 0.024898902 G Loss: 3.9991927
199 / 644
DRR Loss: 0.0002043001 DFR Loss: 0.02766571 D Loss: 0.02787001
GFR Loss: 4.1359625 G Loss: 4.1359625
D Loss: 0.02787001 G Loss: 4.1359625
200 / 644
DRR Loss: 0.00020844028 DFR Loss: 0.02941526 D Loss: 0.0296237
GFR Loss: 3.993807 G Loss: 3.993807
D Loss: 0.0296237 G Loss: 3.993807
Epoch [    1/  100] | d_loss: 0.0296 | g_loss: 3.9938
201 / 644
DRR Loss: 0.0001730893 DFR Loss: 0.04552819 D Loss: 0.045701277
GFR Loss: 3.438611 G Loss: 3.438611
D Loss: 0.045701277 G Loss: 3.438611
202 / 644
DRR Loss: 0.00013190656 DFR Loss: 0.06493819 D Loss: 0.06507009
GFR Loss: 3.1690836 G Loss: 3.1690836
D Loss: 0.06507009 G Loss: 3.1690836
203 / 644
DRR Loss: 0.0001013516 DFR Loss: 0.11109005 D Loss: 0.1111914
GFR Loss: 2.6323457 G Loss: 2.6323457
D Loss: 0.1111914 G Loss: 2.6323457
204 / 644
DRR Loss: 0.00011748529 DFR Loss: 0.21095471 D Loss: 0.21107219
GFR Loss: 2.011041 G Loss: 2.011041
D Loss: 0.21107219 G Loss: 2.011041
205 / 644
DRR Loss: 0.00013118316 DFR Loss: 0.37686718 D Loss: 0.37699836
GFR Loss: 1.3390439 G Loss: 1.3390439
D Loss: 0.37699836 G Loss: 1.3390439
206 / 644
DRR Loss: 5.5099725e-05 DFR Loss: 0.77969694 D Loss: 0.779752
GFR Loss: 0.7050446 G Loss: 0.7050446
D Loss: 0.779752 G Loss: 0.7050446
207 / 644
DRR Loss: 8.4398285e-05 DFR Loss: 1.4405075 D Loss: 1.4405919
GFR Loss: 0.35169575 G Loss: 0.35169575
D Loss: 1.4405919 G Loss: 0.35169575
208 / 644
DRR Loss: 2.3096092e-05 DFR Loss: 2.1667216 D Loss: 2.1667447
GFR Loss: 0.19920938 G Loss: 0.19920938
D Loss: 2.1667447 G Loss: 0.19920938
209 / 644
DRR Loss: 2.7597673e-05 DFR Loss: 2.7486644 D Loss: 2.748692
GFR Loss: 0.087633125 G Loss: 0.087633125
D Loss: 2.748692 G Loss: 0.087633125
210 / 644
DRR Loss: 1.24129665e-05 DFR Loss: 2.9451053 D Loss: 2.9451177
GFR Loss: 0.083518915 G Loss: 0.083518915
D Loss: 2.9451177 G Loss: 0.083518915
211 / 644
DRR Loss: 7.171272e-06 DFR Loss: 3.6737823 D Loss: 3.6737895
GFR Loss: 0.036066003 G Loss: 0.036066003
D Loss: 3.6737895 G Loss: 0.036066003
212 / 644
DRR Loss: 5.908365e-06 DFR Loss: 3.7359247 D Loss: 3.7359307
GFR Loss: 0.03426359 G Loss: 0.03426359
D Loss: 3.7359307 G Loss: 0.03426359
213 / 644
DRR Loss: 4.3101913e-06 DFR Loss: 4.0442405 D Loss: 4.044245
GFR Loss: 0.029027008 G Loss: 0.029027008
D Loss: 4.044245 G Loss: 0.029027008
214 / 644
DRR Loss: 8.445584e-06 DFR Loss: 4.3062496 D Loss: 4.306258
GFR Loss: 0.0212517 G Loss: 0.0212517
D Loss: 4.306258 G Loss: 0.0212517
215 / 644
DRR Loss: 6.306959e-06 DFR Loss: 3.8218236 D Loss: 3.8218298
GFR Loss: 0.038691387 G Loss: 0.038691387
D Loss: 3.8218298 G Loss: 0.038691387
216 / 644
DRR Loss: 1.2103791e-05 DFR Loss: 3.6865168 D Loss: 3.686529
GFR Loss: 0.036551975 G Loss: 0.036551975
D Loss: 3.686529 G Loss: 0.036551975
217 / 644
DRR Loss: 1.4182572e-05 DFR Loss: 3.3875852 D Loss: 3.3875992
GFR Loss: 0.051069133 G Loss: 0.051069133
D Loss: 3.3875992 G Loss: 0.051069133
218 / 644
DRR Loss: 1.6376787e-05 DFR Loss: 2.7587926 D Loss: 2.758809
GFR Loss: 0.11897609 G Loss: 0.11897609
D Loss: 2.758809 G Loss: 0.11897609
219 / 644
DRR Loss: 2.4157796e-05 DFR Loss: 2.2740686 D Loss: 2.2740927
GFR Loss: 0.18333685 G Loss: 0.18333685
D Loss: 2.2740927 G Loss: 0.18333685
220 / 644
DRR Loss: 4.157095e-05 DFR Loss: 1.6827291 D Loss: 1.6827707
GFR Loss: 0.32519677 G Loss: 0.32519677
D Loss: 1.6827707 G Loss: 0.32519677
221 / 644
DRR Loss: 7.638538e-05 DFR Loss: 1.0447284 D Loss: 1.0448048
GFR Loss: 0.5445156 G Loss: 0.5445156
D Loss: 1.0448048 G Loss: 0.5445156
222 / 644
DRR Loss: 6.984582e-05 DFR Loss: 0.61067563 D Loss: 0.6107455
GFR Loss: 1.1304463 G Loss: 1.1304463
D Loss: 0.6107455 G Loss: 1.1304463
223 / 644
DRR Loss: 0.00018232822 DFR Loss: 0.24964923 D Loss: 0.24983156
GFR Loss: 1.8008158 G Loss: 1.8008158
D Loss: 0.24983156 G Loss: 1.8008158
224 / 644
DRR Loss: 0.0006991703 DFR Loss: 0.14952895 D Loss: 0.15022813
GFR Loss: 2.4572792 G Loss: 2.4572792
D Loss: 0.15022813 G Loss: 2.4572792
225 / 644
DRR Loss: 0.0008992766 DFR Loss: 0.050805822 D Loss: 0.0517051
GFR Loss: 3.36314 G Loss: 3.36314
D Loss: 0.0517051 G Loss: 3.36314
226 / 644
DRR Loss: 0.00095318106 DFR Loss: 0.044445887 D Loss: 0.04539907
GFR Loss: 3.7142558 G Loss: 3.7142558
D Loss: 0.04539907 G Loss: 3.7142558
227 / 644
DRR Loss: 0.0025214993 DFR Loss: 0.033285916 D Loss: 0.035807416
GFR Loss: 4.0099816 G Loss: 4.0099816
D Loss: 0.035807416 G Loss: 4.0099816
228 / 644
DRR Loss: 0.0039859777 DFR Loss: 0.027062606 D Loss: 0.031048585
GFR Loss: 4.258441 G Loss: 4.258441
D Loss: 0.031048585 G Loss: 4.258441
229 / 644
DRR Loss: 0.0032088081 DFR Loss: 0.027122201 D Loss: 0.03033101
GFR Loss: 4.1275277 G Loss: 4.1275277
D Loss: 0.03033101 G Loss: 4.1275277
230 / 644
DRR Loss: 0.0024859752 DFR Loss: 0.04041911 D Loss: 0.042905085
GFR Loss: 3.9893363 G Loss: 3.9893363
D Loss: 0.042905085 G Loss: 3.9893363
231 / 644
DRR Loss: 0.002329192 DFR Loss: 0.031627305 D Loss: 0.033956498
GFR Loss: 3.9459732 G Loss: 3.9459732
D Loss: 0.033956498 G Loss: 3.9459732
232 / 644
DRR Loss: 0.0012945156 DFR Loss: 0.033485625 D Loss: 0.03478014
GFR Loss: 3.9649057 G Loss: 3.9649057
D Loss: 0.03478014 G Loss: 3.9649057
233 / 644
DRR Loss: 0.0008377259 DFR Loss: 0.06146771 D Loss: 0.062305436
GFR Loss: 3.1409504 G Loss: 3.1409504
D Loss: 0.062305436 G Loss: 3.1409504
234 / 644
DRR Loss: 0.0011365336 DFR Loss: 0.12084099 D Loss: 0.12197752
GFR Loss: 2.6877255 G Loss: 2.6877255
D Loss: 0.12197752 G Loss: 2.6877255
235 / 644
DRR Loss: 0.001325009 DFR Loss: 0.19458738 D Loss: 0.19591239
GFR Loss: 2.1937387 G Loss: 2.1937387
D Loss: 0.19591239 G Loss: 2.1937387
236 / 644
DRR Loss: 0.0009780591 DFR Loss: 0.51918685 D Loss: 0.5201649
GFR Loss: 1.4938891 G Loss: 1.4938891
D Loss: 0.5201649 G Loss: 1.4938891
237 / 644
DRR Loss: 0.00076513115 DFR Loss: 0.78414345 D Loss: 0.7849086
GFR Loss: 0.87908 G Loss: 0.87908
D Loss: 0.7849086 G Loss: 0.87908
238 / 644
DRR Loss: 0.0003319203 DFR Loss: 1.1987479 D Loss: 1.1990798
GFR Loss: 0.4881339 G Loss: 0.4881339
D Loss: 1.1990798 G Loss: 0.4881339
239 / 644
DRR Loss: 0.0001626888 DFR Loss: 1.6492537 D Loss: 1.6494164
GFR Loss: 0.29490626 G Loss: 0.29490626
D Loss: 1.6494164 G Loss: 0.29490626
240 / 644
DRR Loss: 6.454424e-05 DFR Loss: 2.2989235 D Loss: 2.298988
GFR Loss: 0.15657921 G Loss: 0.15657921
D Loss: 2.298988 G Loss: 0.15657921
241 / 644
DRR Loss: 9.166735e-05 DFR Loss: 2.6839354 D Loss: 2.684027
GFR Loss: 0.10327772 G Loss: 0.10327772
D Loss: 2.684027 G Loss: 0.10327772
242 / 644
DRR Loss: 0.00011410121 DFR Loss: 3.4721465 D Loss: 3.4722607
GFR Loss: 0.04059799 G Loss: 0.04059799
D Loss: 3.4722607 G Loss: 0.04059799
243 / 644
DRR Loss: 7.794694e-05 DFR Loss: 4.025342 D Loss: 4.0254197
GFR Loss: 0.038206436 G Loss: 0.038206436
D Loss: 4.0254197 G Loss: 0.038206436
244 / 644
DRR Loss: 4.8166938e-05 DFR Loss: 3.9600294 D Loss: 3.9600775
GFR Loss: 0.038511954 G Loss: 0.038511954
D Loss: 3.9600775 G Loss: 0.038511954
245 / 644
DRR Loss: 3.546625e-05 DFR Loss: 4.584663 D Loss: 4.584698
GFR Loss: 0.018260006 G Loss: 0.018260006
D Loss: 4.584698 G Loss: 0.018260006
246 / 644
DRR Loss: 3.6822705e-05 DFR Loss: 4.453264 D Loss: 4.453301
GFR Loss: 0.019199112 G Loss: 0.019199112
D Loss: 4.453301 G Loss: 0.019199112
247 / 644
DRR Loss: 4.8060534e-05 DFR Loss: 4.396238 D Loss: 4.396286
GFR Loss: 0.017958887 G Loss: 0.017958887
D Loss: 4.396286 G Loss: 0.017958887
248 / 644
DRR Loss: 9.1224734e-05 DFR Loss: 4.37984 D Loss: 4.379931
GFR Loss: 0.02348956 G Loss: 0.02348956
D Loss: 4.379931 G Loss: 0.02348956
249 / 644
DRR Loss: 0.00011668473 DFR Loss: 3.8035362 D Loss: 3.8036528
GFR Loss: 0.033437822 G Loss: 0.033437822
D Loss: 3.8036528 G Loss: 0.033437822
250 / 644
DRR Loss: 0.00018619311 DFR Loss: 3.2289326 D Loss: 3.2291188
GFR Loss: 0.08943934 G Loss: 0.08943934
D Loss: 3.2291188 G Loss: 0.08943934
Epoch [    1/  100] | d_loss: 3.2291 | g_loss: 0.0894
251 / 644
DRR Loss: 0.00033605663 DFR Loss: 2.5769155 D Loss: 2.5772517
GFR Loss: 0.13118869 G Loss: 0.13118869
D Loss: 2.5772517 G Loss: 0.13118869
252 / 644
DRR Loss: 0.00034125202 DFR Loss: 1.8958138 D Loss: 1.8961551
GFR Loss: 0.2917905 G Loss: 0.2917905
D Loss: 1.8961551 G Loss: 0.2917905
253 / 644
DRR Loss: 0.0010280274 DFR Loss: 1.2586441 D Loss: 1.2596722
GFR Loss: 0.50316 G Loss: 0.50316
D Loss: 1.2596722 G Loss: 0.50316
254 / 644
DRR Loss: 0.000637788 DFR Loss: 0.6220709 D Loss: 0.6227087
GFR Loss: 1.0797143 G Loss: 1.0797143
D Loss: 0.6227087 G Loss: 1.0797143
255 / 644
DRR Loss: 0.0021004574 DFR Loss: 0.4603008 D Loss: 0.46240127
GFR Loss: 1.3167299 G Loss: 1.3167299
D Loss: 0.46240127 G Loss: 1.3167299
256 / 644
DRR Loss: 0.0024076903 DFR Loss: 0.19090629 D Loss: 0.19331397
GFR Loss: 2.167905 G Loss: 2.167905
D Loss: 0.19331397 G Loss: 2.167905
257 / 644
DRR Loss: 0.0049073705 DFR Loss: 0.08348073 D Loss: 0.0883881
GFR Loss: 3.0534554 G Loss: 3.0534554
D Loss: 0.0883881 G Loss: 3.0534554
