Random Seed:  999
Dataset size: 1745 Number of classes: 10
Starting Training Loop...
DRR -5.621605e-06 DRM -1.637766e-05 DFF 1.1920928e-07
GFR -16.117834 GFE -5.9188585
GFR -16.117989 GFE -6.1076736
GFR -16.117973 GFE -6.50218
Epoch [  451/ 1500], batch 0 | d_loss: 0.0000 | g_loss: 22.6202
DRR -4.1650424e-06 DRM -0.0065305484 DFF 1.1920928e-07
GFR -16.114515 GFE -6.107041
GFR -16.117483 GFE -6.1032763
GFR -16.115583 GFE -6.0826807
Epoch [  451/ 1500], batch 50 | d_loss: 0.0065 | g_loss: 22.1983
SAVING: img_z/img_z_2020-05-02 04:48:15.406380_epoch_451_128.pkl
/home/yph2105/.local/lib/python3.6/site-packages/torch/nn/functional.py:1351: UserWarning: nn.functional.sigmoid is deprecated. Use torch.sigmoid instead.
  warnings.warn("nn.functional.sigmoid is deprecated. Use torch.sigmoid instead.")
/home/yph2105/CANimals/original_CAN/model.py:109: UserWarning: Implicit dimension choice for softmax has been deprecated. Change the call to include dim=X as an argument.
  multi_output = F.softmax(self.multi3(multi_output))
DRR -5.178169e-07 DRM -0.01508658 DFF 1.1920928e-07
GFR -16.104345 GFE -6.3353596
GFR -16.11696 GFE -6.056865
GFR -16.117165 GFE -6.0502286
Epoch [  452/ 1500], batch 0 | d_loss: 0.0151 | g_loss: 22.1674
DRR -4.3958582e-07 DRM -2.017481e-05 DFF 1.1920928e-07
GFR -16.118093 GFE -8.098798
GFR -16.118088 GFE -8.531263
GFR -16.118057 GFE -11.539648
Epoch [  452/ 1500], batch 50 | d_loss: 0.0000 | g_loss: 27.6577
SAVING: img_z/img_z_2020-05-02 04:48:15.406380_epoch_452_128.pkl
DRR -1.04308356e-07 DRM -4.731158e-07 DFF 1.1920928e-07
GFR -16.117815 GFE -12.205048
GFR -16.118038 GFE -10.597307
GFR -16.117615 GFE -12.470424
Epoch [  453/ 1500], batch 0 | d_loss: 0.0000 | g_loss: 28.5880
DRR -3.4645277e-07 DRM -0.027456826 DFF 1.1920928e-07
GFR -16.110699 GFE -6.0179033
GFR -16.090036 GFE -6.0372887
GFR -16.111217 GFE -6.00709
Epoch [  453/ 1500], batch 50 | d_loss: 0.0275 | g_loss: 22.1183
SAVING: img_z/img_z_2020-05-02 04:48:15.406380_epoch_453_128.pkl
DRR -5.587953e-08 DRM -4.118986e-05 DFF 1.0058283e-07
GFR -15.927167 GFE -6.044492
GFR -15.799021 GFE -5.9995637
GFR -16.014664 GFE -5.9973173
Epoch [  454/ 1500], batch 0 | d_loss: 0.0000 | g_loss: 22.0120
DRR -3.1951276e-05 DRM -0.00010454833 DFF 1.117587e-07
GFR -15.976867 GFE -6.0382423
GFR -15.720282 GFE -6.0558176
GFR -15.851149 GFE -6.081937
Epoch [  454/ 1500], batch 50 | d_loss: 0.0001 | g_loss: 21.9331
SAVING: img_z/img_z_2020-05-02 04:48:15.406380_epoch_454_128.pkl
DRR -1.6274065e-05 DRM -0.011191526 DFF -0.02446366
GFR -11.339041 GFE -7.8944755
GFR -12.15397 GFE -7.7609816
GFR -11.597604 GFE -7.7696495
Epoch [  455/ 1500], batch 0 | d_loss: 0.0357 | g_loss: 19.3673
DRR -0.0008257417 DRM -5.2979973e-05 DFF -0.029375844
GFR -10.681854 GFE -14.990711
GFR -10.063089 GFE -12.046484
GFR -8.824345 GFE -12.507874
Epoch [  455/ 1500], batch 50 | d_loss: 0.0303 | g_loss: 21.3322
SAVING: img_z/img_z_2020-05-02 04:48:15.406380_epoch_455_128.pkl
DRR -2.8109174e-05 DRM -3.952685e-06 DFF -0.45477867
GFR -13.051619 GFE -15.067826
GFR -13.283335 GFE -16.519192
GFR -11.25325 GFE -13.041347
Epoch [  456/ 1500], batch 0 | d_loss: 0.4548 | g_loss: 24.2946
DRR -0.00097154314 DRM -0.0017211235 DFF -0.020654492
GFR -13.283335 GFE -6.6895676
GFR -13.60375 GFE -6.5438395
GFR -14.172811 GFE -6.9714417
Epoch [  456/ 1500], batch 50 | d_loss: 0.0233 | g_loss: 21.1443
SAVING: img_z/img_z_2020-05-02 04:48:15.406380_epoch_456_128.pkl
DRR -0.008098021 DRM -2.2490698e-05 DFF -0.12846643
GFR -16.09494 GFE -6.728086
GFR -16.112877 GFE -6.711716
GFR -15.774185 GFE -6.601413
Epoch [  457/ 1500], batch 0 | d_loss: 0.1366 | g_loss: 22.3756
DRR -0.022861786 DRM -6.186533e-05 DFF 1.1920928e-07
GFR -16.118093 GFE -11.431883
GFR -16.118092 GFE -10.535191
GFR -16.118088 GFE -9.470868
Epoch [  457/ 1500], batch 50 | d_loss: 0.0229 | g_loss: 25.5890
SAVING: img_z/img_z_2020-05-02 04:48:15.406380_epoch_457_128.pkl
DRR -0.00021879861 DRM -0.00016693225 DFF 1.1920928e-07
GFR -16.118092 GFE -6.931694
GFR -16.118092 GFE -6.915167
GFR -16.118092 GFE -6.9797525
Epoch [  458/ 1500], batch 0 | d_loss: 0.0004 | g_loss: 23.0978
DRR -1.0057075e-05 DRM -8.552353e-06 DFF 1.1920928e-07
GFR -16.118095 GFE -6.031271
GFR -16.118095 GFE -6.0377393
GFR -16.118095 GFE -6.031346
Epoch [  458/ 1500], batch 50 | d_loss: 0.0000 | g_loss: 22.1494
SAVING: img_z/img_z_2020-05-02 04:48:15.406380_epoch_458_128.pkl
DRR -6.126338e-05 DRM -1.9372171e-06 DFF 1.1920928e-07
GFR -16.118095 GFE -6.0768013
GFR -16.118095 GFE -6.043763
GFR -16.118095 GFE -6.1117897
Epoch [  459/ 1500], batch 0 | d_loss: 0.0001 | g_loss: 22.2299
DRR -0.0001433431 DRM -3.0585222e-06 DFF 1.1920928e-07
GFR -16.118095 GFE -5.904935
GFR -16.118095 GFE -5.900367
GFR -16.118095 GFE -5.8683767
Epoch [  459/ 1500], batch 50 | d_loss: 0.0001 | g_loss: 21.9865
SAVING: img_z/img_z_2020-05-02 04:48:15.406380_epoch_459_128.pkl
DRR -0.00057728734 DRM -1.3746471e-06 DFF 1.1920928e-07
GFR -16.118095 GFE -5.89589
GFR -16.118095 GFE -5.889722
GFR -16.118095 GFE -5.87214
Epoch [  460/ 1500], batch 0 | d_loss: 0.0006 | g_loss: 21.9902
DRR -3.0547994e-06 DRM -1.2219048e-06 DFF 1.1920928e-07
GFR -16.118095 GFE -5.8525257
GFR -16.118095 GFE -5.851865
GFR -16.118095 GFE -5.845993
Epoch [  460/ 1500], batch 50 | d_loss: 0.0000 | g_loss: 21.9641
SAVING: img_z/img_z_2020-05-02 04:48:15.406380_epoch_460_128.pkl
DRR -0.00012710602 DRM 1.00582824e-07 DFF 1.1920928e-07
GFR -16.118095 GFE -5.8643837
GFR -16.118095 GFE -5.8563733
GFR -16.118095 GFE -5.858403
Epoch [  461/ 1500], batch 0 | d_loss: 0.0001 | g_loss: 21.9765
DRR -4.2506167e-06 DRM -5.7671905e-06 DFF 1.1920928e-07
GFR -16.118095 GFE -5.839827
GFR -16.118095 GFE -5.8405666
GFR -16.118095 GFE -5.868122
Epoch [  461/ 1500], batch 50 | d_loss: 0.0000 | g_loss: 21.9862
SAVING: img_z/img_z_2020-05-02 04:48:15.406380_epoch_461_128.pkl
DRR -5.036696e-06 DRM -8.045263e-05 DFF 1.1920928e-07
GFR -16.118095 GFE -5.841343
GFR -16.118095 GFE -5.8643055
GFR -16.118095 GFE -5.8457065
Epoch [  462/ 1500], batch 0 | d_loss: 0.0001 | g_loss: 21.9638
DRR -8.795648e-06 DRM -0.0013618838 DFF 1.1920928e-07
GFR -16.118095 GFE -5.8296905
GFR -16.118095 GFE -5.8406587
GFR -16.118095 GFE -5.8306065
Epoch [  462/ 1500], batch 50 | d_loss: 0.0014 | g_loss: 21.9487
SAVING: img_z/img_z_2020-05-02 04:48:15.406380_epoch_462_128.pkl
DRR -6.135861e-05 DRM -4.839294e-06 DFF 1.1920928e-07
GFR -16.118095 GFE -5.836958
GFR -16.118095 GFE -5.8363914
GFR -16.118095 GFE -5.8338633
Epoch [  463/ 1500], batch 0 | d_loss: 0.0001 | g_loss: 21.9520
DRR -0.00035278808 DRM -1.6205171e-06 DFF 1.1920928e-07
GFR -16.118095 GFE -5.8345017
GFR -16.118095 GFE -5.83092
GFR -16.118095 GFE -5.826553
Epoch [  463/ 1500], batch 50 | d_loss: 0.0004 | g_loss: 21.9446
SAVING: img_z/img_z_2020-05-02 04:48:15.406380_epoch_463_128.pkl
DRR -1.1993309e-05 DRM -3.7253233e-08 DFF 1.1920928e-07
GFR -16.118095 GFE -5.83478
GFR -16.118095 GFE -5.835742
GFR -16.118095 GFE -5.8250313
Epoch [  464/ 1500], batch 0 | d_loss: 0.0000 | g_loss: 21.9431
DRR -0.00028511876 DRM -2.704612e-06 DFF 1.1920928e-07
GFR -16.118095 GFE -5.8290854
GFR -16.118095 GFE -5.8248425
GFR -16.118095 GFE -5.8226557
Epoch [  464/ 1500], batch 50 | d_loss: 0.0003 | g_loss: 21.9408
SAVING: img_z/img_z_2020-05-02 04:48:15.406380_epoch_464_128.pkl
DRR -6.567074e-05 DRM -0.00012476627 DFF 1.1920928e-07
GFR -16.118095 GFE -5.820796
GFR -16.118095 GFE -5.8209567
GFR -16.118095 GFE -5.8207974
Epoch [  465/ 1500], batch 0 | d_loss: 0.0002 | g_loss: 21.9389
DRR -9.584665e-05 DRM -4.8432275e-06 DFF 1.1920928e-07
GFR -16.118095 GFE -5.821951
GFR -16.118095 GFE -5.8201485
GFR -16.118095 GFE -5.8229637
Epoch [  465/ 1500], batch 50 | d_loss: 0.0001 | g_loss: 21.9411
SAVING: img_z/img_z_2020-05-02 04:48:15.406380_epoch_465_128.pkl
DRR -4.841335e-05 DRM -6.780126e-07 DFF 1.1920928e-07
GFR -16.118095 GFE -5.820492
GFR -16.118095 GFE -5.8227396
GFR -16.118095 GFE -5.827408
Epoch [  466/ 1500], batch 0 | d_loss: 0.0000 | g_loss: 21.9455
DRR -5.5540244e-05 DRM -5.885998e-07 DFF 1.1920928e-07
GFR -16.118095 GFE -5.8162184
GFR -16.118095 GFE -5.8241568
GFR -16.118095 GFE -5.816827
Epoch [  466/ 1500], batch 50 | d_loss: 0.0001 | g_loss: 21.9349
SAVING: img_z/img_z_2020-05-02 04:48:15.406380_epoch_466_128.pkl
DRR -2.0559512e-05 DRM -1.8626725e-08 DFF 1.1920928e-07
GFR -16.118095 GFE -5.8191977
GFR -16.118095 GFE -5.8189077
GFR -16.118095 GFE -5.817439
Epoch [  467/ 1500], batch 0 | d_loss: 0.0000 | g_loss: 21.9355
DRR -5.9568815e-06 DRM -1.0961748e-05 DFF 1.1920928e-07
GFR -16.118095 GFE -5.8152294
GFR -16.118095 GFE -5.816339
GFR -16.118095 GFE -5.817611
Epoch [  467/ 1500], batch 50 | d_loss: 0.0000 | g_loss: 21.9357
SAVING: img_z/img_z_2020-05-02 04:48:15.406380_epoch_467_128.pkl
DRR -6.987299e-06 DRM 1.8626372e-08 DFF 1.1920928e-07
GFR -16.118095 GFE -5.8141966
GFR -16.118095 GFE -5.813171
GFR -16.118095 GFE -5.813015
Epoch [  468/ 1500], batch 0 | d_loss: 0.0000 | g_loss: 21.9311
DRR -2.6986207e-05 DRM -2.495938e-05 DFF 1.1920928e-07
GFR -16.118095 GFE -5.812999
GFR -16.118095 GFE -5.8124924
GFR -16.118095 GFE -5.812564
Epoch [  468/ 1500], batch 50 | d_loss: 0.0001 | g_loss: 21.9307
SAVING: img_z/img_z_2020-05-02 04:48:15.406380_epoch_468_128.pkl
DRR -1.5115473e-05 DRM -2.942998e-07 DFF 1.1920928e-07
GFR -16.118095 GFE -5.811084
GFR -16.118095 GFE -5.8123474
GFR -16.118095 GFE -5.8163385
Epoch [  469/ 1500], batch 0 | d_loss: 0.0000 | g_loss: 21.9344
DRR -4.6790123e-05 DRM -9.493493e-06 DFF 1.1920928e-07
GFR -16.118095 GFE -5.8098083
GFR -16.118095 GFE -5.811161
GFR -16.118095 GFE -5.811263
Epoch [  469/ 1500], batch 50 | d_loss: 0.0001 | g_loss: 21.9294
SAVING: img_z/img_z_2020-05-02 04:48:15.406380_epoch_469_128.pkl
DRR -2.760474e-06 DRM -2.5602514e-05 DFF 1.1920928e-07
GFR -16.118095 GFE -5.810887
GFR -16.118095 GFE -5.809315
GFR -16.118095 GFE -5.808872
Epoch [  470/ 1500], batch 0 | d_loss: 0.0000 | g_loss: 21.9270
DRR -1.7397196e-06 DRM 1.117587e-07 DFF 1.1920928e-07
GFR -16.118095 GFE -5.807399
GFR -16.118095 GFE -5.8078036
GFR -16.118095 GFE -5.810752
Epoch [  470/ 1500], batch 50 | d_loss: 0.0000 | g_loss: 21.9288
SAVING: img_z/img_z_2020-05-02 04:48:15.406380_epoch_470_128.pkl
DRR -1.08969525e-05 DRM -6.0722155e-05 DFF 1.1920928e-07
GFR -16.118095 GFE -5.8131657
GFR -16.118095 GFE -5.8076506
GFR -16.118095 GFE -5.8130417
Epoch [  471/ 1500], batch 0 | d_loss: 0.0001 | g_loss: 21.9311
DRR -8.499754e-06 DRM -8.745877e-06 DFF 1.1920928e-07
GFR -16.118095 GFE -5.805438
GFR -16.118095 GFE -5.8087363
GFR -16.118095 GFE -5.805272
Epoch [  471/ 1500], batch 50 | d_loss: 0.0000 | g_loss: 21.9234
SAVING: img_z/img_z_2020-05-02 04:48:15.406380_epoch_471_128.pkl
DRR -3.971248e-06 DRM -3.4795357e-06 DFF 1.1920928e-07
GFR -16.118095 GFE -5.808322
GFR -16.118095 GFE -5.8084393
GFR -16.118095 GFE -5.8065734
Epoch [  472/ 1500], batch 0 | d_loss: 0.0000 | g_loss: 21.9247
DRR -4.5821173e-07 DRM -2.771749e-06 DFF 1.1920928e-07
GFR -16.118095 GFE -5.806556
GFR -16.118095 GFE -5.806021
GFR -16.118095 GFE -5.808378
Epoch [  472/ 1500], batch 50 | d_loss: 0.0000 | g_loss: 21.9265
SAVING: img_z/img_z_2020-05-02 04:48:15.406380_epoch_472_128.pkl
DRR -7.4978548e-06 DRM -1.2666031e-07 DFF 1.1920928e-07
GFR -16.118095 GFE -5.80826
GFR -16.118095 GFE -5.8354626
GFR -16.118095 GFE -5.816272
Epoch [  473/ 1500], batch 0 | d_loss: 0.0000 | g_loss: 21.9344
DRR -4.682912e-06 DRM 1.0430812e-07 DFF 1.1920928e-07
GFR -16.118095 GFE -5.8049593
GFR -16.118095 GFE -5.8047104
GFR -16.118095 GFE -5.806091
Epoch [  473/ 1500], batch 50 | d_loss: 0.0000 | g_loss: 21.9242
SAVING: img_z/img_z_2020-05-02 04:48:15.406380_epoch_473_128.pkl
DRR -8.0466793e-07 DRM -2.0973882e-06 DFF 1.1920928e-07
GFR -16.118095 GFE -5.807267
GFR -16.118095 GFE -5.8062162
GFR -16.118095 GFE -5.8044853
Epoch [  474/ 1500], batch 0 | d_loss: 0.0000 | g_loss: 21.9226
DRR -7.413343e-07 DRM 1.0803341e-07 DFF 1.1920928e-07
GFR -16.118095 GFE -5.8024206
GFR -16.118095 GFE -5.803865
GFR -16.118095 GFE -5.8063984
Epoch [  474/ 1500], batch 50 | d_loss: 0.0000 | g_loss: 21.9245
SAVING: img_z/img_z_2020-05-02 04:48:15.406380_epoch_474_128.pkl
DRR -4.5151437e-06 DRM 3.725102e-09 DFF 1.1920928e-07
GFR -16.118095 GFE -5.804402
GFR -16.118095 GFE -5.8032904
GFR -16.118095 GFE -5.8064547
Epoch [  475/ 1500], batch 0 | d_loss: 0.0000 | g_loss: 21.9245
DRR -5.5931367e-05 DRM -1.0083327e-05 DFF 1.1920928e-07
GFR -16.118095 GFE -5.801898
GFR -16.118095 GFE -5.803282
GFR -16.118095 GFE -5.8028364
Epoch [  475/ 1500], batch 50 | d_loss: 0.0001 | g_loss: 21.9209
SAVING: img_z/img_z_2020-05-02 04:48:15.406380_epoch_475_128.pkl
DRR -6.758016e-06 DRM 1.00582824e-07 DFF 1.1920928e-07
GFR -16.118095 GFE -5.806923
GFR -16.118095 GFE -5.805439
GFR -16.118095 GFE -5.8032246
Epoch [  476/ 1500], batch 0 | d_loss: 0.0000 | g_loss: 21.9213
DRR -3.77733e-05 DRM -6.9912994e-06 DFF 1.1920928e-07
GFR -16.118095 GFE -5.802243
GFR -16.118095 GFE -5.801331
GFR -16.118095 GFE -5.802496
Epoch [  476/ 1500], batch 50 | d_loss: 0.0000 | g_loss: 21.9206
SAVING: img_z/img_z_2020-05-02 04:48:15.406380_epoch_476_128.pkl
DRR -2.0750012e-06 DRM -3.4311151e-06 DFF 1.1920928e-07
GFR -16.118095 GFE -5.81415
GFR -16.118095 GFE -5.8028927
GFR -16.118095 GFE -5.804053
Epoch [  477/ 1500], batch 0 | d_loss: 0.0000 | g_loss: 21.9221
DRR -8.415673e-06 DRM 1.117587e-07 DFF 1.1920928e-07
GFR -16.118095 GFE -5.8009644
GFR -16.118095 GFE -5.8018312
GFR -16.118095 GFE -5.8041816
Epoch [  477/ 1500], batch 50 | d_loss: 0.0000 | g_loss: 21.9223
SAVING: img_z/img_z_2020-05-02 04:48:15.406380_epoch_477_128.pkl
DRR 8.568167e-08 DRM -1.45879685e-05 DFF 1.1920928e-07
GFR -16.118095 GFE -5.804738
GFR -16.118095 GFE -5.805085
GFR -16.118095 GFE -5.801589
Epoch [  478/ 1500], batch 0 | d_loss: 0.0000 | g_loss: 21.9197
DRR -3.083597e-05 DRM 8.940695e-08 DFF 1.1920928e-07
GFR -16.118095 GFE -5.7998877
GFR -16.118095 GFE -5.8003416
GFR -16.118095 GFE -5.799529
Epoch [  478/ 1500], batch 50 | d_loss: 0.0000 | g_loss: 21.9176
SAVING: img_z/img_z_2020-05-02 04:48:15.406380_epoch_478_128.pkl
DRR -0.00016397075 DRM -1.5273801e-07 DFF 1.1920928e-07
GFR -16.118095 GFE -5.7999854
GFR -16.118095 GFE -5.8012247
GFR -16.118095 GFE -5.8008666
Epoch [  479/ 1500], batch 0 | d_loss: 0.0002 | g_loss: 21.9190
DRR -4.161198e-06 DRM 1.117587e-07 DFF 1.1920928e-07
GFR -16.118095 GFE -5.799774
GFR -16.118095 GFE -5.799524
GFR -16.118095 GFE -5.803302
Epoch [  479/ 1500], batch 50 | d_loss: 0.0000 | g_loss: 21.9214
SAVING: img_z/img_z_2020-05-02 04:48:15.406380_epoch_479_128.pkl
DRR -4.619368e-07 DRM -4.1723493e-07 DFF 1.1920928e-07
GFR -16.118095 GFE -5.810412
GFR -16.118095 GFE -5.822007
GFR -16.118095 GFE -5.8412313
Epoch [  480/ 1500], batch 0 | d_loss: 0.0000 | g_loss: 21.9593
DRR -3.7253068e-07 DRM 8.568166e-08 DFF 1.1920928e-07
GFR -16.118095 GFE -5.8004494
GFR -16.118095 GFE -5.8035126
GFR -16.118095 GFE -5.804308
Epoch [  480/ 1500], batch 50 | d_loss: 0.0000 | g_loss: 21.9224
SAVING: img_z/img_z_2020-05-02 04:48:15.406380_epoch_480_128.pkl
DRR -4.701372e-06 DRM -2.7754174e-06 DFF 1.1920928e-07
GFR -16.118095 GFE -5.805925
GFR -16.118095 GFE -5.8005466
GFR -16.118095 GFE -5.8032722
Epoch [  481/ 1500], batch 0 | d_loss: 0.0000 | g_loss: 21.9214
DRR -2.1234384e-06 DRM -4.589786e-06 DFF 1.1920928e-07
GFR -16.118095 GFE -5.7981796
GFR -16.118095 GFE -5.8032036
GFR -16.118095 GFE -5.8033814
Epoch [  481/ 1500], batch 50 | d_loss: 0.0000 | g_loss: 21.9215
SAVING: img_z/img_z_2020-05-02 04:48:15.406380_epoch_481_128.pkl
DRR -1.1026889e-06 DRM 4.470344e-08 DFF 1.1920928e-07
GFR -16.118095 GFE -5.8147755
GFR -16.118095 GFE -5.8051014
GFR -16.118095 GFE -5.8042083
Epoch [  482/ 1500], batch 0 | d_loss: 0.0000 | g_loss: 21.9223
DRR -1.3114473e-05 DRM -6.8719646e-06 DFF 1.1920928e-07
GFR -16.118095 GFE -5.7974377
GFR -16.118095 GFE -5.798663
GFR -16.118095 GFE -5.8005304
Epoch [  482/ 1500], batch 50 | d_loss: 0.0000 | g_loss: 21.9186
SAVING: img_z/img_z_2020-05-02 04:48:15.406380_epoch_482_128.pkl
DRR -4.7808346e-05 DRM -2.8797824e-06 DFF 1.1920928e-07
GFR -16.118095 GFE -5.7970386
GFR -16.118095 GFE -5.7974854
GFR -16.118095 GFE -5.802124
Epoch [  483/ 1500], batch 0 | d_loss: 0.0001 | g_loss: 21.9202
DRR -1.1175914e-06 DRM -2.0489149e-07 DFF 1.1920928e-07
GFR -16.118095 GFE -5.797169
GFR -16.118095 GFE -5.7991695
GFR -16.118095 GFE -5.800608
Epoch [  483/ 1500], batch 50 | d_loss: 0.0000 | g_loss: 21.9187
SAVING: img_z/img_z_2020-05-02 04:48:15.406380_epoch_483_128.pkl
DRR -3.3527988e-06 DRM 6.705519e-08 DFF 1.1920928e-07
GFR -16.118095 GFE -5.801136
GFR -16.118095 GFE -5.8041153
GFR -16.118095 GFE -5.804468
Epoch [  484/ 1500], batch 0 | d_loss: 0.0000 | g_loss: 21.9226
DRR -1.1548464e-06 DRM -2.458702e-07 DFF 1.1920928e-07
GFR -16.118095 GFE -5.7981806
GFR -16.118095 GFE -5.798337
GFR -16.118095 GFE -5.797453
Epoch [  484/ 1500], batch 50 | d_loss: 0.0000 | g_loss: 21.9155
SAVING: img_z/img_z_2020-05-02 04:48:15.406380_epoch_484_128.pkl
DRR -5.402001e-06 DRM -6.406317e-06 DFF 1.1920928e-07
GFR -16.118095 GFE -5.8019924
GFR -16.118095 GFE -5.798473
GFR -16.118095 GFE -5.796484
Epoch [  485/ 1500], batch 0 | d_loss: 0.0000 | g_loss: 21.9146
DRR -6.0090506e-06 DRM 1.00582824e-07 DFF 1.1920928e-07
GFR -16.118095 GFE -5.796571
GFR -16.118095 GFE -5.796748
GFR -16.118095 GFE -5.795586
Epoch [  485/ 1500], batch 50 | d_loss: 0.0000 | g_loss: 21.9137
SAVING: img_z/img_z_2020-05-02 04:48:15.406380_epoch_485_128.pkl
DRR -1.4359964e-05 DRM 6.332991e-08 DFF 1.1920928e-07
GFR -16.118095 GFE -5.800168
GFR -16.118095 GFE -5.797648
GFR -16.118095 GFE -5.795821
Epoch [  486/ 1500], batch 0 | d_loss: 0.0000 | g_loss: 21.9139
DRR -1.240531e-06 DRM 1.00582824e-07 DFF 1.1920928e-07
GFR -16.118095 GFE -5.809161
GFR -16.118095 GFE -5.803782
GFR -16.118095 GFE -5.8012896
Epoch [  486/ 1500], batch 50 | d_loss: 0.0000 | g_loss: 21.9194
SAVING: img_z/img_z_2020-05-02 04:48:15.406380_epoch_486_128.pkl
DRR -7.823124e-08 DRM -1.639136e-07 DFF 1.1920928e-07
GFR -16.118095 GFE -5.806604
GFR -16.118095 GFE -5.8012614
GFR -16.118095 GFE -5.8004565
Epoch [  487/ 1500], batch 0 | d_loss: 0.0000 | g_loss: 21.9186
DRR -7.2385897e-06 DRM -3.5018024e-07 DFF 1.1920928e-07
GFR -16.118095 GFE -5.796518
GFR -16.118095 GFE -5.797785
GFR -16.118095 GFE -5.8018517
Epoch [  487/ 1500], batch 50 | d_loss: 0.0000 | g_loss: 21.9199
SAVING: img_z/img_z_2020-05-02 04:48:15.406380_epoch_487_128.pkl
DRR -1.1287674e-06 DRM -1.415618e-07 DFF 1.1920928e-07
GFR -16.118095 GFE -5.802129
GFR -16.118095 GFE -5.809586
GFR -16.118095 GFE -5.8070774
Epoch [  488/ 1500], batch 0 | d_loss: 0.0000 | g_loss: 21.9252
DRR -2.7194648e-07 DRM -1.4826932e-06 DFF 1.1920928e-07
GFR -16.118095 GFE -5.797496
GFR -16.118095 GFE -5.796673
GFR -16.118095 GFE -5.7951293
Epoch [  488/ 1500], batch 50 | d_loss: 0.0000 | g_loss: 21.9132
SAVING: img_z/img_z_2020-05-02 04:48:15.406380_epoch_488_128.pkl
DRR 7.823109e-08 DRM -8.568199e-08 DFF 1.1920928e-07
GFR -16.118095 GFE -5.7963243
GFR -16.118095 GFE -5.795594
GFR -16.118095 GFE -5.7949514
Epoch [  489/ 1500], batch 0 | d_loss: -0.0000 | g_loss: 21.9130
DRR -1.3113231e-06 DRM -1.8626769e-06 DFF 1.1920928e-07
GFR -16.118095 GFE -5.798347
GFR -16.118095 GFE -5.8016033
GFR -16.118095 GFE -5.796873
Epoch [  489/ 1500], batch 50 | d_loss: 0.0000 | g_loss: 21.9150
SAVING: img_z/img_z_2020-05-02 04:48:15.406380_epoch_489_128.pkl
DRR -1.4267906e-06 DRM -3.904352e-06 DFF 1.1920928e-07
GFR -16.118095 GFE -5.7993445
GFR -16.118095 GFE -5.797122
GFR -16.118095 GFE -5.7950163
Epoch [  490/ 1500], batch 0 | d_loss: 0.0000 | g_loss: 21.9131
DRR -3.843101e-05 DRM -2.7756469e-05 DFF 1.1920928e-07
GFR -16.118095 GFE -5.7980976
GFR -16.118095 GFE -5.7953424
GFR -16.118095 GFE -5.794914
Epoch [  490/ 1500], batch 50 | d_loss: 0.0001 | g_loss: 21.9130
SAVING: img_z/img_z_2020-05-02 04:48:15.406380_epoch_490_128.pkl
DRR -6.2585167e-07 DRM -7.562423e-07 DFF 1.1920928e-07
GFR -16.118095 GFE -5.824837
GFR -16.118095 GFE -5.8122363
GFR -16.118095 GFE -5.8715777
Epoch [  491/ 1500], batch 0 | d_loss: 0.0000 | g_loss: 21.9897
DRR -4.8913807e-06 DRM -4.80568e-07 DFF 1.1920928e-07
GFR -16.118095 GFE -5.844454
GFR -16.118095 GFE -5.8650684
GFR -16.118095 GFE -5.8510675
Epoch [  491/ 1500], batch 50 | d_loss: 0.0000 | g_loss: 21.9692
SAVING: img_z/img_z_2020-05-02 04:48:15.406380_epoch_491_128.pkl
DRR -1.5720818e-06 DRM 5.2154007e-08 DFF 1.1920928e-07
GFR -16.118095 GFE -5.857671
GFR -16.118095 GFE -5.839942
GFR -16.118095 GFE -5.850871
Epoch [  492/ 1500], batch 0 | d_loss: 0.0000 | g_loss: 21.9690
DRR -3.5428047e-06 DRM 1.0430812e-07 DFF 1.1920928e-07
GFR -16.118095 GFE -5.820178
GFR -16.118095 GFE -5.8261375
GFR -16.118095 GFE -5.823449
Epoch [  492/ 1500], batch 50 | d_loss: 0.0000 | g_loss: 21.9415
SAVING: img_z/img_z_2020-05-02 04:48:15.406380_epoch_492_128.pkl
DRR -3.3900196e-07 DRM -3.852464e-05 DFF 1.1920928e-07
GFR -16.118095 GFE -5.8213778
GFR -16.118095 GFE -5.8207464
GFR -16.118095 GFE -5.8252044
Epoch [  493/ 1500], batch 0 | d_loss: 0.0000 | g_loss: 21.9433
DRR -4.6938797e-07 DRM 8.568166e-08 DFF 1.1920928e-07
GFR -16.118095 GFE -5.8131866
GFR -16.118095 GFE -5.811117
GFR -16.118095 GFE -5.8123913
Epoch [  493/ 1500], batch 50 | d_loss: 0.0000 | g_loss: 21.9305
SAVING: img_z/img_z_2020-05-02 04:48:15.406380_epoch_493_128.pkl
DRR -1.3038527e-07 DRM 1.1548399e-07 DFF 1.1920928e-07
GFR -16.118095 GFE -5.816538
GFR -16.118095 GFE -5.812258
GFR -16.118095 GFE -5.8166
Epoch [  494/ 1500], batch 0 | d_loss: -0.0000 | g_loss: 21.9347
DRR -1.069162e-06 DRM -7.3748292e-06 DFF 1.1920928e-07
GFR -16.118095 GFE -5.809409
GFR -16.118095 GFE -5.810203
GFR -16.118095 GFE -5.8084717
Epoch [  494/ 1500], batch 50 | d_loss: 0.0000 | g_loss: 21.9266
SAVING: img_z/img_z_2020-05-02 04:48:15.406380_epoch_494_128.pkl
DRR -6.821193e-06 DRM -5.960487e-08 DFF 1.1920928e-07
GFR -16.118095 GFE -5.8115067
GFR -16.118095 GFE -5.808255
GFR -16.118095 GFE -5.8105507
Epoch [  495/ 1500], batch 0 | d_loss: 0.0000 | g_loss: 21.9286
DRR -3.509307e-06 DRM -6.333013e-08 DFF 1.1920928e-07
GFR -16.118095 GFE -5.8066683
GFR -16.118095 GFE -5.805684
GFR -16.118095 GFE -5.806599
Epoch [  495/ 1500], batch 50 | d_loss: 0.0000 | g_loss: 21.9247
SAVING: img_z/img_z_2020-05-02 04:48:15.406380_epoch_495_128.pkl
DRR -2.5779395e-06 DRM 9.685753e-08 DFF 1.1920928e-07
GFR -16.118095 GFE -5.8119116
GFR -16.118095 GFE -5.8065405
GFR -16.118095 GFE -5.8080635
Epoch [  496/ 1500], batch 0 | d_loss: 0.0000 | g_loss: 21.9262
DRR -4.109181e-06 DRM -9.648596e-07 DFF 1.1920928e-07
GFR -16.118095 GFE -5.8040314
GFR -16.118095 GFE -5.8057013
GFR -16.118095 GFE -5.8038764
Epoch [  496/ 1500], batch 50 | d_loss: 0.0000 | g_loss: 21.9220
SAVING: img_z/img_z_2020-05-02 04:48:15.406380_epoch_496_128.pkl
DRR -2.8201264e-06 DRM 9.313225e-08 DFF 1.1920928e-07
GFR -16.118095 GFE -5.8040104
GFR -16.118095 GFE -5.803967
GFR -16.118095 GFE -5.805026
Epoch [  497/ 1500], batch 0 | d_loss: 0.0000 | g_loss: 21.9231
DRR -4.5599722e-06 DRM 7.4505785e-08 DFF 1.1920928e-07
GFR -16.118095 GFE -5.80217
GFR -16.118095 GFE -5.8024654
GFR -16.118095 GFE -5.802061
Epoch [  497/ 1500], batch 50 | d_loss: 0.0000 | g_loss: 21.9202
SAVING: img_z/img_z_2020-05-02 04:48:15.406380_epoch_497_128.pkl
DRR -3.2037556e-07 DRM -7.487953e-07 DFF 1.1920928e-07
GFR -16.118095 GFE -5.810505
GFR -16.118095 GFE -5.803117
GFR -16.118095 GFE -5.8021708
Epoch [  498/ 1500], batch 0 | d_loss: 0.0000 | g_loss: 21.9203
DRR -2.5891006e-06 DRM -2.6376251e-06 DFF 1.1920928e-07
GFR -16.118095 GFE -5.8015375
GFR -16.118095 GFE -5.802473
GFR -16.118095 GFE -5.8018885
Epoch [  498/ 1500], batch 50 | d_loss: 0.0000 | g_loss: 21.9200
SAVING: img_z/img_z_2020-05-02 04:48:15.406380_epoch_498_128.pkl
DRR -1.0915273e-06 DRM 1.1920928e-07 DFF 1.1920928e-07
GFR -16.118095 GFE -5.8016925
GFR -16.118095 GFE -5.801217
GFR -16.118095 GFE -5.7999887
Epoch [  499/ 1500], batch 0 | d_loss: 0.0000 | g_loss: 21.9181
DRR -9.276009e-07 DRM -4.1351086e-07 DFF 1.1920928e-07
GFR -16.118095 GFE -5.8000903
GFR -16.118095 GFE -5.7996793
GFR -16.118095 GFE -5.800686
Epoch [  499/ 1500], batch 50 | d_loss: 0.0000 | g_loss: 21.9188
SAVING: img_z/img_z_2020-05-02 04:48:15.406380_epoch_499_128.pkl
DRR -1.1548413e-07 DRM 1.117587e-07 DFF 1.1920928e-07
GFR -16.118095 GFE -5.800898
GFR -16.118095 GFE -5.80007
GFR -16.118095 GFE -5.799885
Epoch [  500/ 1500], batch 0 | d_loss: -0.0000 | g_loss: 21.9180
DRR -3.390027e-07 DRM -3.934108e-06 DFF 1.1920928e-07
GFR -16.118095 GFE -5.798497
GFR -16.118095 GFE -5.7980614
GFR -16.118095 GFE -5.799526
Epoch [  500/ 1500], batch 50 | d_loss: 0.0000 | g_loss: 21.9176
SAVING: img_z/img_z_2020-05-02 04:48:15.406380_epoch_500_128.pkl
DRR -1.825394e-07 DRM -5.519511e-06 DFF 1.1920928e-07
GFR -16.118095 GFE -5.7983613
GFR -16.118095 GFE -5.798102
GFR -16.118095 GFE -5.7980485
Epoch [  501/ 1500], batch 0 | d_loss: 0.0000 | g_loss: 21.9161
DRR -6.750156e-14 DRM -1.266603e-07 DFF 1.1920928e-07
GFR -16.118095 GFE -5.797501
GFR -16.118095 GFE -5.7976007
GFR -16.118095 GFE -5.798248
Epoch [  501/ 1500], batch 50 | d_loss: 0.0000 | g_loss: 21.9163
SAVING: img_z/img_z_2020-05-02 04:48:15.406380_epoch_501_128.pkl
DRR -5.006963e-06 DRM -2.0974092e-06 DFF 1.1920928e-07
GFR -16.118095 GFE -5.8052235
GFR -16.118095 GFE -5.801511
GFR -16.118095 GFE -5.799593
Epoch [  502/ 1500], batch 0 | d_loss: 0.0000 | g_loss: 21.9177
DRR -4.2840955e-07 DRM -3.2037644e-07 DFF 1.1920928e-07
GFR -16.118095 GFE -5.7974014
GFR -16.118095 GFE -5.7976346
GFR -16.118095 GFE -5.7979236
Epoch [  502/ 1500], batch 50 | d_loss: 0.0000 | g_loss: 21.9160
SAVING: img_z/img_z_2020-05-02 04:48:15.406380_epoch_502_128.pkl
DRR -3.725296e-08 DRM 4.0978094e-08 DFF 1.1920928e-07
GFR -16.118095 GFE -5.798894
GFR -16.118095 GFE -5.796951
GFR -16.118095 GFE -5.7972426
Epoch [  503/ 1500], batch 0 | d_loss: -0.0000 | g_loss: 21.9153
DRR -6.668296e-07 DRM -4.135092e-07 DFF 1.1920928e-07
GFR -16.118095 GFE -5.795766
GFR -16.118095 GFE -5.7962656
GFR -16.118095 GFE -5.796359
Epoch [  503/ 1500], batch 50 | d_loss: 0.0000 | g_loss: 21.9145
SAVING: img_z/img_z_2020-05-02 04:48:15.406380_epoch_503_128.pkl
DRR -1.9744056e-07 DRM -6.891863e-07 DFF 1.1920928e-07
GFR -16.118095 GFE -5.7988605
GFR -16.118095 GFE -5.797895
GFR -16.118095 GFE -5.7973447
Epoch [  504/ 1500], batch 0 | d_loss: 0.0000 | g_loss: 21.9154
DRR -8.650277e-06 DRM -1.0058323e-07 DFF 1.1920928e-07
GFR -16.118095 GFE -5.795702
GFR -16.118095 GFE -5.795601
GFR -16.118095 GFE -5.79746
Epoch [  504/ 1500], batch 50 | d_loss: 0.0000 | g_loss: 21.9156
SAVING: img_z/img_z_2020-05-02 04:48:15.406380_epoch_504_128.pkl
DRR -1.2293472e-07 DRM -1.6354488e-06 DFF 1.1920928e-07
GFR -16.118095 GFE -5.7954426
GFR -16.118095 GFE -5.7952724
GFR -16.118095 GFE -5.795801
Epoch [  505/ 1500], batch 0 | d_loss: 0.0000 | g_loss: 21.9139
DRR -6.959151e-06 DRM -4.973677e-06 DFF 1.1920928e-07
GFR -16.118095 GFE -5.7956142
GFR -16.118095 GFE -5.795092
GFR -16.118095 GFE -5.7949524
Epoch [  505/ 1500], batch 50 | d_loss: 0.0000 | g_loss: 21.9130
SAVING: img_z/img_z_2020-05-02 04:48:15.406380_epoch_505_128.pkl
DRR -3.934018e-06 DRM -7.624416e-06 DFF 1.1920928e-07
GFR -16.118095 GFE -5.8012867
GFR -16.118095 GFE -5.8066006
GFR -16.118095 GFE -5.799406
Epoch [  506/ 1500], batch 0 | d_loss: 0.0000 | g_loss: 21.9175
DRR -3.8743073e-07 DRM -5.58796e-08 DFF 1.1920928e-07
GFR -16.118095 GFE -5.797774
GFR -16.118095 GFE -5.796706
GFR -16.118095 GFE -5.797384
Epoch [  506/ 1500], batch 50 | d_loss: 0.0000 | g_loss: 21.9155
SAVING: img_z/img_z_2020-05-02 04:48:15.406380_epoch_506_128.pkl
DRR -1.8999002e-07 DRM -5.405326e-05 DFF 1.1920928e-07
GFR -16.118095 GFE -5.7961497
GFR -16.118095 GFE -5.795386
GFR -16.118095 GFE -5.79515
Epoch [  507/ 1500], batch 0 | d_loss: 0.0001 | g_loss: 21.9132
DRR -1.7136535e-06 DRM -7.9349695e-07 DFF 1.1920928e-07
GFR -16.118095 GFE -5.7933807
GFR -16.118095 GFE -5.7936997
GFR -16.118095 GFE -5.793996
Epoch [  507/ 1500], batch 50 | d_loss: 0.0000 | g_loss: 21.9121
SAVING: img_z/img_z_2020-05-02 04:48:15.406380_epoch_507_128.pkl
DRR -8.195653e-08 DRM 1.862632e-08 DFF 1.1920928e-07
GFR -16.118095 GFE -5.795721
GFR -16.118095 GFE -5.796728
GFR -16.118095 GFE -5.7934475
Epoch [  508/ 1500], batch 0 | d_loss: -0.0000 | g_loss: 21.9115
DRR -3.4273553e-06 DRM -1.8254019e-07 DFF 1.1920928e-07
GFR -16.118095 GFE -5.7944584
GFR -16.118095 GFE -5.794095
GFR -16.118095 GFE -5.7939715
Epoch [  508/ 1500], batch 50 | d_loss: 0.0000 | g_loss: 21.9121
SAVING: img_z/img_z_2020-05-02 04:48:15.406380_epoch_508_128.pkl
DRR -4.5448834e-07 DRM 1.1920928e-07 DFF 1.1920928e-07
GFR -16.118095 GFE -5.7944474
GFR -16.118095 GFE -5.7962403
GFR -16.118095 GFE -5.7985907
Epoch [  509/ 1500], batch 0 | d_loss: 0.0000 | g_loss: 21.9167
DRR -6.3927673e-06 DRM -6.9725825e-06 DFF 1.1920928e-07
GFR -16.118095 GFE -5.7924914
GFR -16.118095 GFE -5.792484
GFR -16.118095 GFE -5.792765
Epoch [  509/ 1500], batch 50 | d_loss: 0.0000 | g_loss: 21.9109
SAVING: img_z/img_z_2020-05-02 04:48:15.406380_epoch_509_128.pkl
DRR -1.4156195e-06 DRM 3.7252846e-08 DFF 1.1920928e-07
GFR -16.118095 GFE -5.79414
GFR -16.118095 GFE -5.792778
GFR -16.118095 GFE -5.7922325
Epoch [  510/ 1500], batch 0 | d_loss: 0.0000 | g_loss: 21.9103
DRR -2.5481595e-06 DRM -1.1138759e-06 DFF 1.1920928e-07
GFR -16.118095 GFE -5.7926483
GFR -16.118095 GFE -5.7928524
GFR -16.118095 GFE -5.7922773
Epoch [  510/ 1500], batch 50 | d_loss: 0.0000 | g_loss: 21.9104
SAVING: img_z/img_z_2020-05-02 04:48:15.406380_epoch_510_128.pkl
DRR 1.0430812e-07 DRM -3.241018e-07 DFF 1.1920928e-07
GFR -16.118095 GFE -5.796768
GFR -16.118095 GFE -5.795413
GFR -16.118095 GFE -5.7948256
Epoch [  511/ 1500], batch 0 | d_loss: 0.0000 | g_loss: 21.9129
DRR -2.6561754e-06 DRM -4.842924e-07 DFF 1.1920928e-07
GFR -16.118095 GFE -5.796799
GFR -16.118095 GFE -5.7987123
GFR -16.118095 GFE -5.797068
Epoch [  511/ 1500], batch 50 | d_loss: 0.0000 | g_loss: 21.9152
SAVING: img_z/img_z_2020-05-02 04:48:15.406380_epoch_511_128.pkl
DRR -9.313254e-08 DRM 1.0803341e-07 DFF 1.1920928e-07
GFR -16.118095 GFE -5.797493
GFR -16.118095 GFE -5.794057
GFR -16.118095 GFE -5.7952657
Epoch [  512/ 1500], batch 0 | d_loss: -0.0000 | g_loss: 21.9134
DRR -4.917514e-06 DRM -6.1467665e-07 DFF 1.1920928e-07
GFR -16.118095 GFE -5.800662
GFR -16.118095 GFE -5.803596
GFR -16.118095 GFE -5.7955146
Epoch [  512/ 1500], batch 50 | d_loss: 0.0000 | g_loss: 21.9136
SAVING: img_z/img_z_2020-05-02 04:48:15.406380_epoch_512_128.pkl
DRR -8.3819714e-07 DRM -5.7507397e-05 DFF 1.1920928e-07
GFR -16.118095 GFE -5.7952642
GFR -16.118095 GFE -5.7979603
GFR -16.118095 GFE -5.795965
Epoch [  513/ 1500], batch 0 | d_loss: 0.0001 | g_loss: 21.9141
DRR -3.5762883e-07 DRM -3.4645495e-07 DFF 1.1920928e-07
GFR -16.118095 GFE -5.794415
GFR -16.118095 GFE -5.801377
GFR -16.118095 GFE -5.8055186
Epoch [  513/ 1500], batch 50 | d_loss: 0.0000 | g_loss: 21.9236
SAVING: img_z/img_z_2020-05-02 04:48:15.406380_epoch_513_128.pkl
DRR -9.387837e-07 DRM -2.1793628e-06 DFF 1.1920928e-07
GFR -16.118095 GFE -5.7923384
GFR -16.118095 GFE -5.792516
GFR -16.118095 GFE -5.792341
Epoch [  514/ 1500], batch 0 | d_loss: 0.0000 | g_loss: 21.9104
DRR -1.6987519e-06 DRM 1.1920928e-07 DFF 1.1920928e-07
GFR -16.118095 GFE -5.7912107
GFR -16.118095 GFE -5.7909417
GFR -16.118095 GFE -5.790106
Epoch [  514/ 1500], batch 50 | d_loss: 0.0000 | g_loss: 21.9082
SAVING: img_z/img_z_2020-05-02 04:48:15.406380_epoch_514_128.pkl
